{"message":"failed to resolve: use of undeclared crate or module `curve25519_dalek`","code":{"code":"E0433","explanation":"An undeclared crate, module, or type was used.\n\nErroneous code example:\n\n```compile_fail,E0433\nlet map = HashMap::new();\n// error: failed to resolve: use of undeclared type `HashMap`\n```\n\nPlease verify you didn't misspell the type/module's name or that you didn't\nforget to import it:\n\n```\nuse std::collections::HashMap; // HashMap has been imported.\nlet map: HashMap<u32, u32> = HashMap::new(); // So it can be used!\n```\n\nIf you've expected to use a crate name:\n\n```compile_fail\nuse ferris_wheel::BigO;\n// error: failed to resolve: use of undeclared crate or module `ferris_wheel`\n```\n\nMake sure the crate has been added as a dependency in `Cargo.toml`.\n\nTo use a module from your current crate, add the `crate::` prefix to the path.\n"},"level":"error","spans":[{"file_name":"src/timestamp.rs","byte_start":219,"byte_end":235,"line_start":7,"line_end":7,"column_start":5,"column_end":21,"is_primary":true,"text":[{"text":"use curve25519_dalek::scalar::Scalar;","highlight_start":5,"highlight_end":21}],"label":"use of undeclared crate or module `curve25519_dalek`","suggested_replacement":null,"suggestion_applicability":null,"expansion":null}],"children":[],"rendered":"\u001b[0m\u001b[1m\u001b[38;5;9merror[E0433]\u001b[0m\u001b[0m\u001b[1m: failed to resolve: use of undeclared crate or module `curve25519_dalek`\u001b[0m\n\u001b[0m \u001b[0m\u001b[0m\u001b[1m\u001b[38;5;12m--> \u001b[0m\u001b[0msrc/timestamp.rs:7:5\u001b[0m\n\u001b[0m  \u001b[0m\u001b[0m\u001b[1m\u001b[38;5;12m|\u001b[0m\n\u001b[0m\u001b[1m\u001b[38;5;12m7\u001b[0m\u001b[0m \u001b[0m\u001b[0m\u001b[1m\u001b[38;5;12m|\u001b[0m\u001b[0m \u001b[0m\u001b[0muse curve25519_dalek::scalar::Scalar;\u001b[0m\n\u001b[0m  \u001b[0m\u001b[0m\u001b[1m\u001b[38;5;12m| \u001b[0m\u001b[0m    \u001b[0m\u001b[0m\u001b[1m\u001b[38;5;9m^^^^^^^^^^^^^^^^\u001b[0m\u001b[0m \u001b[0m\u001b[0m\u001b[1m\u001b[38;5;9muse of undeclared crate or module `curve25519_dalek`\u001b[0m\n\n"}
{"message":"unresolved imports `halo2_gadgets::poseidon::PoseidonChip`, `halo2_gadgets::poseidon::PoseidonConfig`","code":{"code":"E0432","explanation":"An import was unresolved.\n\nErroneous code example:\n\n```compile_fail,E0432\nuse something::Foo; // error: unresolved import `something::Foo`.\n```\n\nIn Rust 2015, paths in `use` statements are relative to the crate root. To\nimport items relative to the current and parent modules, use the `self::` and\n`super::` prefixes, respectively.\n\nIn Rust 2018 or later, paths in `use` statements are relative to the current\nmodule unless they begin with the name of a crate or a literal `crate::`, in\nwhich case they start from the crate root. As in Rust 2015 code, the `self::`\nand `super::` prefixes refer to the current and parent modules respectively.\n\nAlso verify that you didn't misspell the import name and that the import exists\nin the module from where you tried to import it. Example:\n\n```\nuse self::something::Foo; // Ok.\n\nmod something {\n    pub struct Foo;\n}\n# fn main() {}\n```\n\nIf you tried to use a module from an external crate and are using Rust 2015,\nyou may have missed the `extern crate` declaration (which is usually placed in\nthe crate root):\n\n```edition2015\nextern crate core; // Required to use the `core` crate in Rust 2015.\n\nuse core::any;\n# fn main() {}\n```\n\nSince Rust 2018 the `extern crate` declaration is not required and\nyou can instead just `use` it:\n\n```edition2018\nuse core::any; // No extern crate required in Rust 2018.\n# fn main() {}\n```\n"},"level":"error","spans":[{"file_name":"src/nullifier.rs","byte_start":165,"byte_end":177,"line_start":6,"line_end":6,"column_start":31,"column_end":43,"is_primary":true,"text":[{"text":"use halo2_gadgets::poseidon::{PoseidonChip, PoseidonConfig, primitives::P128Pow5T3, PaddedWord};","highlight_start":31,"highlight_end":43}],"label":"no `PoseidonChip` in `poseidon`","suggested_replacement":null,"suggestion_applicability":null,"expansion":null},{"file_name":"src/nullifier.rs","byte_start":179,"byte_end":193,"line_start":6,"line_end":6,"column_start":45,"column_end":59,"is_primary":true,"text":[{"text":"use halo2_gadgets::poseidon::{PoseidonChip, PoseidonConfig, primitives::P128Pow5T3, PaddedWord};","highlight_start":45,"highlight_end":59}],"label":"no `PoseidonConfig` in `poseidon`","suggested_replacement":null,"suggestion_applicability":null,"expansion":null}],"children":[],"rendered":"\u001b[0m\u001b[1m\u001b[38;5;9merror[E0432]\u001b[0m\u001b[0m\u001b[1m: unresolved imports `halo2_gadgets::poseidon::PoseidonChip`, `halo2_gadgets::poseidon::PoseidonConfig`\u001b[0m\n\u001b[0m \u001b[0m\u001b[0m\u001b[1m\u001b[38;5;12m--> \u001b[0m\u001b[0msrc/nullifier.rs:6:31\u001b[0m\n\u001b[0m  \u001b[0m\u001b[0m\u001b[1m\u001b[38;5;12m|\u001b[0m\n\u001b[0m\u001b[1m\u001b[38;5;12m6\u001b[0m\u001b[0m \u001b[0m\u001b[0m\u001b[1m\u001b[38;5;12m|\u001b[0m\u001b[0m \u001b[0m\u001b[0muse halo2_gadgets::poseidon::{PoseidonChip, PoseidonConfig, primitives::P128Pow5T3, PaddedWord};\u001b[0m\n\u001b[0m  \u001b[0m\u001b[0m\u001b[1m\u001b[38;5;12m| \u001b[0m\u001b[0m                              \u001b[0m\u001b[0m\u001b[1m\u001b[38;5;9m^^^^^^^^^^^^\u001b[0m\u001b[0m  \u001b[0m\u001b[0m\u001b[1m\u001b[38;5;9m^^^^^^^^^^^^^^\u001b[0m\u001b[0m \u001b[0m\u001b[0m\u001b[1m\u001b[38;5;9mno `PoseidonConfig` in `poseidon`\u001b[0m\n\u001b[0m  \u001b[0m\u001b[0m\u001b[1m\u001b[38;5;12m| \u001b[0m\u001b[0m                              \u001b[0m\u001b[0m\u001b[1m\u001b[38;5;9m|\u001b[0m\n\u001b[0m  \u001b[0m\u001b[0m\u001b[1m\u001b[38;5;12m| \u001b[0m\u001b[0m                              \u001b[0m\u001b[0m\u001b[1m\u001b[38;5;9mno `PoseidonChip` in `poseidon`\u001b[0m\n\n"}
{"message":"cannot find type `RATE` in this scope","code":{"code":"E0412","explanation":"A used type name is not in scope.\n\nErroneous code examples:\n\n```compile_fail,E0412\nimpl Something {} // error: type name `Something` is not in scope\n\n// or:\n\ntrait Foo {\n    fn bar(N); // error: type name `N` is not in scope\n}\n\n// or:\n\nfn foo(x: T) {} // type name `T` is not in scope\n```\n\nTo fix this error, please verify you didn't misspell the type name, you did\ndeclare it or imported it into the scope. Examples:\n\n```\nstruct Something;\n\nimpl Something {} // ok!\n\n// or:\n\ntrait Foo {\n    type N;\n\n    fn bar(_: Self::N); // ok!\n}\n\n// or:\n\nfn foo<T>(x: T) {} // ok!\n```\n\nAnother case that causes this error is when a type is imported into a parent\nmodule. To fix this, you can follow the suggestion and use File directly or\n`use super::File;` which will import the types from the parent namespace. An\nexample that causes this error is below:\n\n```compile_fail,E0412\nuse std::fs::File;\n\nmod foo {\n    fn some_function(f: File) {}\n}\n```\n\n```\nuse std::fs::File;\n\nmod foo {\n    // either\n    use super::File;\n    // or\n    // use std::fs::File;\n    fn foo(f: File) {}\n}\n# fn main() {} // don't insert it for us; that'll break imports\n```\n"},"level":"error","spans":[{"file_name":"src/nullifier.rs","byte_start":1439,"byte_end":1443,"line_start":42,"line_end":42,"column_start":65,"column_end":69,"is_primary":true,"text":[{"text":"            let absorbing = Absorbing::<PaddedWord<PrimeField>, RATE>::from(input);","highlight_start":65,"highlight_end":69}],"label":"not found in this scope","suggested_replacement":null,"suggestion_applicability":null,"expansion":null}],"children":[{"message":"you might be missing a type parameter","code":null,"level":"help","spans":[{"file_name":"src/nullifier.rs","byte_start":472,"byte_end":472,"line_start":16,"line_end":16,"column_start":19,"column_end":19,"is_primary":true,"text":[{"text":"impl<F: PrimeField> Circuit<F> for NullifierCircuit<F> {","highlight_start":19,"highlight_end":19}],"label":null,"suggested_replacement":", RATE","suggestion_applicability":"MaybeIncorrect","expansion":null}],"children":[],"rendered":null}],"rendered":"\u001b[0m\u001b[1m\u001b[38;5;9merror[E0412]\u001b[0m\u001b[0m\u001b[1m: cannot find type `RATE` in this scope\u001b[0m\n\u001b[0m  \u001b[0m\u001b[0m\u001b[1m\u001b[38;5;12m--> \u001b[0m\u001b[0msrc/nullifier.rs:42:65\u001b[0m\n\u001b[0m   \u001b[0m\u001b[0m\u001b[1m\u001b[38;5;12m|\u001b[0m\n\u001b[0m\u001b[1m\u001b[38;5;12m16\u001b[0m\u001b[0m \u001b[0m\u001b[0m\u001b[1m\u001b[38;5;12m|\u001b[0m\u001b[0m \u001b[0m\u001b[0mimpl<F: PrimeField> Circuit<F> for NullifierCircuit<F> {\u001b[0m\n\u001b[0m   \u001b[0m\u001b[0m\u001b[1m\u001b[38;5;12m| \u001b[0m\u001b[0m                  \u001b[0m\u001b[0m\u001b[1m\u001b[38;5;12m-\u001b[0m\u001b[0m \u001b[0m\u001b[0m\u001b[1m\u001b[38;5;12mhelp: you might be missing a type parameter: `, RATE`\u001b[0m\n\u001b[0m\u001b[1m\u001b[38;5;12m...\u001b[0m\n\u001b[0m\u001b[1m\u001b[38;5;12m42\u001b[0m\u001b[0m \u001b[0m\u001b[0m\u001b[1m\u001b[38;5;12m|\u001b[0m\u001b[0m \u001b[0m\u001b[0m            let absorbing = Absorbing::<PaddedWord<PrimeField>, RATE>::from(input);\u001b[0m\n\u001b[0m   \u001b[0m\u001b[0m\u001b[1m\u001b[38;5;12m| \u001b[0m\u001b[0m                                                                \u001b[0m\u001b[0m\u001b[1m\u001b[38;5;9m^^^^\u001b[0m\u001b[0m \u001b[0m\u001b[0m\u001b[1m\u001b[38;5;9mnot found in this scope\u001b[0m\n\n"}
{"message":"cannot find type `RATE` in this scope","code":{"code":"E0412","explanation":"A used type name is not in scope.\n\nErroneous code examples:\n\n```compile_fail,E0412\nimpl Something {} // error: type name `Something` is not in scope\n\n// or:\n\ntrait Foo {\n    fn bar(N); // error: type name `N` is not in scope\n}\n\n// or:\n\nfn foo(x: T) {} // type name `T` is not in scope\n```\n\nTo fix this error, please verify you didn't misspell the type name, you did\ndeclare it or imported it into the scope. Examples:\n\n```\nstruct Something;\n\nimpl Something {} // ok!\n\n// or:\n\ntrait Foo {\n    type N;\n\n    fn bar(_: Self::N); // ok!\n}\n\n// or:\n\nfn foo<T>(x: T) {} // ok!\n```\n\nAnother case that causes this error is when a type is imported into a parent\nmodule. To fix this, you can follow the suggestion and use File directly or\n`use super::File;` which will import the types from the parent namespace. An\nexample that causes this error is below:\n\n```compile_fail,E0412\nuse std::fs::File;\n\nmod foo {\n    fn some_function(f: File) {}\n}\n```\n\n```\nuse std::fs::File;\n\nmod foo {\n    // either\n    use super::File;\n    // or\n    // use std::fs::File;\n    fn foo(f: File) {}\n}\n# fn main() {} // don't insert it for us; that'll break imports\n```\n"},"level":"error","spans":[{"file_name":"src/nullifier.rs","byte_start":1752,"byte_end":1756,"line_start":49,"line_end":49,"column_start":56,"column_end":60,"is_primary":true,"text":[{"text":"            let absorbing = Absorbing::<PaddedWord<F>, RATE>::from(input);","highlight_start":56,"highlight_end":60}],"label":"not found in this scope","suggested_replacement":null,"suggestion_applicability":null,"expansion":null}],"children":[{"message":"you might be missing a type parameter","code":null,"level":"help","spans":[{"file_name":"src/nullifier.rs","byte_start":472,"byte_end":472,"line_start":16,"line_end":16,"column_start":19,"column_end":19,"is_primary":true,"text":[{"text":"impl<F: PrimeField> Circuit<F> for NullifierCircuit<F> {","highlight_start":19,"highlight_end":19}],"label":null,"suggested_replacement":", RATE","suggestion_applicability":"MaybeIncorrect","expansion":null}],"children":[],"rendered":null}],"rendered":"\u001b[0m\u001b[1m\u001b[38;5;9merror[E0412]\u001b[0m\u001b[0m\u001b[1m: cannot find type `RATE` in this scope\u001b[0m\n\u001b[0m  \u001b[0m\u001b[0m\u001b[1m\u001b[38;5;12m--> \u001b[0m\u001b[0msrc/nullifier.rs:49:56\u001b[0m\n\u001b[0m   \u001b[0m\u001b[0m\u001b[1m\u001b[38;5;12m|\u001b[0m\n\u001b[0m\u001b[1m\u001b[38;5;12m16\u001b[0m\u001b[0m \u001b[0m\u001b[0m\u001b[1m\u001b[38;5;12m|\u001b[0m\u001b[0m \u001b[0m\u001b[0mimpl<F: PrimeField> Circuit<F> for NullifierCircuit<F> {\u001b[0m\n\u001b[0m   \u001b[0m\u001b[0m\u001b[1m\u001b[38;5;12m| \u001b[0m\u001b[0m                  \u001b[0m\u001b[0m\u001b[1m\u001b[38;5;12m-\u001b[0m\u001b[0m \u001b[0m\u001b[0m\u001b[1m\u001b[38;5;12mhelp: you might be missing a type parameter: `, RATE`\u001b[0m\n\u001b[0m\u001b[1m\u001b[38;5;12m...\u001b[0m\n\u001b[0m\u001b[1m\u001b[38;5;12m49\u001b[0m\u001b[0m \u001b[0m\u001b[0m\u001b[1m\u001b[38;5;12m|\u001b[0m\u001b[0m \u001b[0m\u001b[0m            let absorbing = Absorbing::<PaddedWord<F>, RATE>::from(input);\u001b[0m\n\u001b[0m   \u001b[0m\u001b[0m\u001b[1m\u001b[38;5;12m| \u001b[0m\u001b[0m                                                       \u001b[0m\u001b[0m\u001b[1m\u001b[38;5;9m^^^^\u001b[0m\u001b[0m \u001b[0m\u001b[0m\u001b[1m\u001b[38;5;9mnot found in this scope\u001b[0m\n\n"}
{"message":"cannot find type `RATE` in this scope","code":{"code":"E0412","explanation":"A used type name is not in scope.\n\nErroneous code examples:\n\n```compile_fail,E0412\nimpl Something {} // error: type name `Something` is not in scope\n\n// or:\n\ntrait Foo {\n    fn bar(N); // error: type name `N` is not in scope\n}\n\n// or:\n\nfn foo(x: T) {} // type name `T` is not in scope\n```\n\nTo fix this error, please verify you didn't misspell the type name, you did\ndeclare it or imported it into the scope. Examples:\n\n```\nstruct Something;\n\nimpl Something {} // ok!\n\n// or:\n\ntrait Foo {\n    type N;\n\n    fn bar(_: Self::N); // ok!\n}\n\n// or:\n\nfn foo<T>(x: T) {} // ok!\n```\n\nAnother case that causes this error is when a type is imported into a parent\nmodule. To fix this, you can follow the suggestion and use File directly or\n`use super::File;` which will import the types from the parent namespace. An\nexample that causes this error is below:\n\n```compile_fail,E0412\nuse std::fs::File;\n\nmod foo {\n    fn some_function(f: File) {}\n}\n```\n\n```\nuse std::fs::File;\n\nmod foo {\n    // either\n    use super::File;\n    // or\n    // use std::fs::File;\n    fn foo(f: File) {}\n}\n# fn main() {} // don't insert it for us; that'll break imports\n```\n"},"level":"error","spans":[{"file_name":"src/nullifier.rs","byte_start":2171,"byte_end":2175,"line_start":59,"line_end":59,"column_start":56,"column_end":60,"is_primary":true,"text":[{"text":"            let absorbing = Absorbing::<PaddedWord<F>, RATE>::from(absorbing);","highlight_start":56,"highlight_end":60}],"label":"not found in this scope","suggested_replacement":null,"suggestion_applicability":null,"expansion":null}],"children":[{"message":"you might be missing a type parameter","code":null,"level":"help","spans":[{"file_name":"src/nullifier.rs","byte_start":472,"byte_end":472,"line_start":16,"line_end":16,"column_start":19,"column_end":19,"is_primary":true,"text":[{"text":"impl<F: PrimeField> Circuit<F> for NullifierCircuit<F> {","highlight_start":19,"highlight_end":19}],"label":null,"suggested_replacement":", RATE","suggestion_applicability":"MaybeIncorrect","expansion":null}],"children":[],"rendered":null}],"rendered":"\u001b[0m\u001b[1m\u001b[38;5;9merror[E0412]\u001b[0m\u001b[0m\u001b[1m: cannot find type `RATE` in this scope\u001b[0m\n\u001b[0m  \u001b[0m\u001b[0m\u001b[1m\u001b[38;5;12m--> \u001b[0m\u001b[0msrc/nullifier.rs:59:56\u001b[0m\n\u001b[0m   \u001b[0m\u001b[0m\u001b[1m\u001b[38;5;12m|\u001b[0m\n\u001b[0m\u001b[1m\u001b[38;5;12m16\u001b[0m\u001b[0m \u001b[0m\u001b[0m\u001b[1m\u001b[38;5;12m|\u001b[0m\u001b[0m \u001b[0m\u001b[0mimpl<F: PrimeField> Circuit<F> for NullifierCircuit<F> {\u001b[0m\n\u001b[0m   \u001b[0m\u001b[0m\u001b[1m\u001b[38;5;12m| \u001b[0m\u001b[0m                  \u001b[0m\u001b[0m\u001b[1m\u001b[38;5;12m-\u001b[0m\u001b[0m \u001b[0m\u001b[0m\u001b[1m\u001b[38;5;12mhelp: you might be missing a type parameter: `, RATE`\u001b[0m\n\u001b[0m\u001b[1m\u001b[38;5;12m...\u001b[0m\n\u001b[0m\u001b[1m\u001b[38;5;12m59\u001b[0m\u001b[0m \u001b[0m\u001b[0m\u001b[1m\u001b[38;5;12m|\u001b[0m\u001b[0m \u001b[0m\u001b[0m            let absorbing = Absorbing::<PaddedWord<F>, RATE>::from(absorbing);\u001b[0m\n\u001b[0m   \u001b[0m\u001b[0m\u001b[1m\u001b[38;5;12m| \u001b[0m\u001b[0m                                                       \u001b[0m\u001b[0m\u001b[1m\u001b[38;5;9m^^^^\u001b[0m\u001b[0m \u001b[0m\u001b[0m\u001b[1m\u001b[38;5;9mnot found in this scope\u001b[0m\n\n"}
{"message":"the trait bound `DigitBytesToTimestampConfig: Clone` is not satisfied","code":{"code":"E0277","explanation":"You tried to use a type which doesn't implement some trait in a place which\nexpected that trait.\n\nErroneous code example:\n\n```compile_fail,E0277\n// here we declare the Foo trait with a bar method\ntrait Foo {\n    fn bar(&self);\n}\n\n// we now declare a function which takes an object implementing the Foo trait\nfn some_func<T: Foo>(foo: T) {\n    foo.bar();\n}\n\nfn main() {\n    // we now call the method with the i32 type, which doesn't implement\n    // the Foo trait\n    some_func(5i32); // error: the trait bound `i32 : Foo` is not satisfied\n}\n```\n\nIn order to fix this error, verify that the type you're using does implement\nthe trait. Example:\n\n```\ntrait Foo {\n    fn bar(&self);\n}\n\n// we implement the trait on the i32 type\nimpl Foo for i32 {\n    fn bar(&self) {}\n}\n\nfn some_func<T: Foo>(foo: T) {\n    foo.bar(); // we can now use this method since i32 implements the\n               // Foo trait\n}\n\nfn main() {\n    some_func(5i32); // ok!\n}\n```\n\nOr in a generic context, an erroneous code example would look like:\n\n```compile_fail,E0277\nfn some_func<T>(foo: T) {\n    println!(\"{:?}\", foo); // error: the trait `core::fmt::Debug` is not\n                           //        implemented for the type `T`\n}\n\nfn main() {\n    // We now call the method with the i32 type,\n    // which *does* implement the Debug trait.\n    some_func(5i32);\n}\n```\n\nNote that the error here is in the definition of the generic function. Although\nwe only call it with a parameter that does implement `Debug`, the compiler\nstill rejects the function. It must work with all possible input types. In\norder to make this example compile, we need to restrict the generic type we're\naccepting:\n\n```\nuse std::fmt;\n\n// Restrict the input type to types that implement Debug.\nfn some_func<T: fmt::Debug>(foo: T) {\n    println!(\"{:?}\", foo);\n}\n\nfn main() {\n    // Calling the method is still fine, as i32 implements Debug.\n    some_func(5i32);\n\n    // This would fail to compile now:\n    // struct WithoutDebug;\n    // some_func(WithoutDebug);\n}\n```\n\nRust only looks at the signature of the called function, as such it must\nalready specify all requirements that will be used for every type parameter.\n"},"level":"error","spans":[{"file_name":"src/timestamp.rs","byte_start":896,"byte_end":923,"line_start":33,"line_end":33,"column_start":19,"column_end":46,"is_primary":true,"text":[{"text":"    type Config = DigitBytesToTimestampConfig;","highlight_start":19,"highlight_end":46}],"label":"the trait `Clone` is not implemented for `DigitBytesToTimestampConfig`","suggested_replacement":null,"suggestion_applicability":null,"expansion":null}],"children":[{"message":"required by a bound in `halo2_base::halo2_proofs::plonk::Circuit::Config`","code":null,"level":"note","spans":[{"file_name":"src/lib.rs","byte_start":0,"byte_end":0,"line_start":1,"line_end":1,"column_start":1,"column_end":1,"is_primary":false,"text":[],"label":"required by a bound in this","suggested_replacement":null,"suggestion_applicability":null,"expansion":null},{"file_name":"/Users/hridambasu/.cargo/git/checkouts/halo2-afe2d0b0be6b3c3a/c7e42e4/halo2_proofs/src/plonk/circuit.rs","byte_start":18515,"byte_end":18520,"line_start":658,"line_end":658,"column_start":18,"column_end":23,"is_primary":true,"text":[{"text":"    type Config: Clone;","highlight_start":18,"highlight_end":23}],"label":"required by this bound in `halo2_base::halo2_proofs::plonk::Circuit::Config`","suggested_replacement":null,"suggestion_applicability":null,"expansion":null}],"children":[],"rendered":null},{"message":"consider annotating `DigitBytesToTimestampConfig` with `#[derive(Clone)]`","code":null,"level":"help","spans":[{"file_name":"src/timestamp.rs","byte_start":254,"byte_end":254,"line_start":9,"line_end":9,"column_start":1,"column_end":1,"is_primary":true,"text":[{"text":"struct DigitBytesToTimestampConfig {","highlight_start":1,"highlight_end":1}],"label":null,"suggested_replacement":"#[derive(Clone)]\n","suggestion_applicability":"MaybeIncorrect","expansion":null}],"children":[],"rendered":null}],"rendered":"\u001b[0m\u001b[1m\u001b[38;5;9merror[E0277]\u001b[0m\u001b[0m\u001b[1m: the trait bound `DigitBytesToTimestampConfig: Clone` is not satisfied\u001b[0m\n\u001b[0m   \u001b[0m\u001b[0m\u001b[1m\u001b[38;5;12m--> \u001b[0m\u001b[0msrc/timestamp.rs:33:19\u001b[0m\n\u001b[0m    \u001b[0m\u001b[0m\u001b[1m\u001b[38;5;12m|\u001b[0m\n\u001b[0m\u001b[1m\u001b[38;5;12m33\u001b[0m\u001b[0m  \u001b[0m\u001b[0m\u001b[1m\u001b[38;5;12m|\u001b[0m\u001b[0m \u001b[0m\u001b[0m    type Config = DigitBytesToTimestampConfig;\u001b[0m\n\u001b[0m    \u001b[0m\u001b[0m\u001b[1m\u001b[38;5;12m| \u001b[0m\u001b[0m                  \u001b[0m\u001b[0m\u001b[1m\u001b[38;5;9m^^^^^^^^^^^^^^^^^^^^^^^^^^^\u001b[0m\u001b[0m \u001b[0m\u001b[0m\u001b[1m\u001b[38;5;9mthe trait `Clone` is not implemented for `DigitBytesToTimestampConfig`\u001b[0m\n\u001b[0m    \u001b[0m\u001b[0m\u001b[1m\u001b[38;5;12m|\u001b[0m\n\u001b[0m\u001b[1m\u001b[38;5;10mnote\u001b[0m\u001b[0m: required by a bound in `halo2_base::halo2_proofs::plonk::Circuit::Config`\u001b[0m\n\u001b[0m   \u001b[0m\u001b[0m\u001b[1m\u001b[38;5;12m--> \u001b[0m\u001b[0m/Users/hridambasu/.cargo/git/checkouts/halo2-afe2d0b0be6b3c3a/c7e42e4/halo2_proofs/src/plonk/circuit.rs:658:18\u001b[0m\n\u001b[0m    \u001b[0m\u001b[0m\u001b[1m\u001b[38;5;12m|\u001b[0m\n\u001b[0m\u001b[1m\u001b[38;5;12m658\u001b[0m\u001b[0m \u001b[0m\u001b[0m\u001b[1m\u001b[38;5;12m|\u001b[0m\u001b[0m \u001b[0m\u001b[0m    type Config: Clone;\u001b[0m\n\u001b[0m    \u001b[0m\u001b[0m\u001b[1m\u001b[38;5;12m| \u001b[0m\u001b[0m                 \u001b[0m\u001b[0m\u001b[1m\u001b[38;5;10m^^^^^\u001b[0m\u001b[0m \u001b[0m\u001b[0m\u001b[1m\u001b[38;5;10mrequired by this bound in `halo2_base::halo2_proofs::plonk::Circuit::Config`\u001b[0m\n\u001b[0m\u001b[1m\u001b[38;5;14mhelp\u001b[0m\u001b[0m: consider annotating `DigitBytesToTimestampConfig` with `#[derive(Clone)]`\u001b[0m\n\u001b[0m    \u001b[0m\u001b[0m\u001b[1m\u001b[38;5;12m|\u001b[0m\n\u001b[0m\u001b[1m\u001b[38;5;12m9\u001b[0m\u001b[0m   \u001b[0m\u001b[0m\u001b[1m\u001b[38;5;12m| \u001b[0m\u001b[0m\u001b[38;5;10m#[derive(Clone)]\u001b[0m\n\u001b[0m    \u001b[0m\u001b[0m\u001b[1m\u001b[38;5;12m|\u001b[0m\n\n"}
{"message":"method `synthesize` has 2 type parameters but its trait declaration has 1 type parameter","code":{"code":"E0049","explanation":"An attempted implementation of a trait method has the wrong number of type or\nconst parameters.\n\nErroneous code example:\n\n```compile_fail,E0049\ntrait Foo {\n    fn foo<T: Default>(x: T) -> Self;\n}\n\nstruct Bar;\n\n// error: method `foo` has 0 type parameters but its trait declaration has 1\n// type parameter\nimpl Foo for Bar {\n    fn foo(x: bool) -> Self { Bar }\n}\n```\n\nFor example, the `Foo` trait has a method `foo` with a type parameter `T`,\nbut the implementation of `foo` for the type `Bar` is missing this parameter.\nTo fix this error, they must have the same type parameters:\n\n```\ntrait Foo {\n    fn foo<T: Default>(x: T) -> Self;\n}\n\nstruct Bar;\n\nimpl Foo for Bar {\n    fn foo<T: Default>(x: T) -> Self { // ok!\n        Bar\n    }\n}\n```\n"},"level":"error","spans":[{"file_name":"src/timestamp.rs","byte_start":2357,"byte_end":2375,"line_start":80,"line_end":80,"column_start":18,"column_end":36,"is_primary":true,"text":[{"text":"        cs: &mut impl Assignment<F>,","highlight_start":18,"highlight_end":36}],"label":"found 2 type parameters, expected 1","suggested_replacement":null,"suggestion_applicability":null,"expansion":null},{"file_name":"src/timestamp.rs","byte_start":2357,"byte_end":2375,"line_start":80,"line_end":80,"column_start":18,"column_end":36,"is_primary":true,"text":[{"text":"        cs: &mut impl Assignment<F>,","highlight_start":18,"highlight_end":36}],"label":"`impl Trait` introduces an implicit type parameter","suggested_replacement":null,"suggestion_applicability":null,"expansion":null},{"file_name":"src/timestamp.rs","byte_start":2429,"byte_end":2445,"line_start":82,"line_end":82,"column_start":23,"column_end":39,"is_primary":true,"text":[{"text":"        mut layouter: impl Layouter<F>,","highlight_start":23,"highlight_end":39}],"label":"`impl Trait` introduces an implicit type parameter","suggested_replacement":null,"suggestion_applicability":null,"expansion":null}],"children":[],"rendered":"\u001b[0m\u001b[1m\u001b[38;5;9merror[E0049]\u001b[0m\u001b[0m\u001b[1m: method `synthesize` has 2 type parameters but its trait declaration has 1 type parameter\u001b[0m\n\u001b[0m  \u001b[0m\u001b[0m\u001b[1m\u001b[38;5;12m--> \u001b[0m\u001b[0msrc/timestamp.rs:80:18\u001b[0m\n\u001b[0m   \u001b[0m\u001b[0m\u001b[1m\u001b[38;5;12m|\u001b[0m\n\u001b[0m\u001b[1m\u001b[38;5;12m80\u001b[0m\u001b[0m \u001b[0m\u001b[0m\u001b[1m\u001b[38;5;12m|\u001b[0m\u001b[0m \u001b[0m\u001b[0m        cs: &mut impl Assignment<F>,\u001b[0m\n\u001b[0m   \u001b[0m\u001b[0m\u001b[1m\u001b[38;5;12m| \u001b[0m\u001b[0m                 \u001b[0m\u001b[0m\u001b[1m\u001b[38;5;9m^^^^^^^^^^^^^^^^^^\u001b[0m\n\u001b[0m   \u001b[0m\u001b[0m\u001b[1m\u001b[38;5;12m| \u001b[0m\u001b[0m                 \u001b[0m\u001b[0m\u001b[1m\u001b[38;5;9m|\u001b[0m\n\u001b[0m   \u001b[0m\u001b[0m\u001b[1m\u001b[38;5;12m| \u001b[0m\u001b[0m                 \u001b[0m\u001b[0m\u001b[1m\u001b[38;5;9mfound 2 type parameters, expected 1\u001b[0m\n\u001b[0m   \u001b[0m\u001b[0m\u001b[1m\u001b[38;5;12m| \u001b[0m\u001b[0m                 \u001b[0m\u001b[0m\u001b[1m\u001b[38;5;9m`impl Trait` introduces an implicit type parameter\u001b[0m\n\u001b[0m\u001b[1m\u001b[38;5;12m81\u001b[0m\u001b[0m \u001b[0m\u001b[0m\u001b[1m\u001b[38;5;12m|\u001b[0m\u001b[0m \u001b[0m\u001b[0m        config: Self::Config,\u001b[0m\n\u001b[0m\u001b[1m\u001b[38;5;12m82\u001b[0m\u001b[0m \u001b[0m\u001b[0m\u001b[1m\u001b[38;5;12m|\u001b[0m\u001b[0m \u001b[0m\u001b[0m        mut layouter: impl Layouter<F>,\u001b[0m\n\u001b[0m   \u001b[0m\u001b[0m\u001b[1m\u001b[38;5;12m| \u001b[0m\u001b[0m                      \u001b[0m\u001b[0m\u001b[1m\u001b[38;5;9m^^^^^^^^^^^^^^^^\u001b[0m\u001b[0m \u001b[0m\u001b[0m\u001b[1m\u001b[38;5;9m`impl Trait` introduces an implicit type parameter\u001b[0m\n\n"}
{"message":"mismatched types","code":{"code":"E0308","explanation":"Expected type did not match the received type.\n\nErroneous code examples:\n\n```compile_fail,E0308\nfn plus_one(x: i32) -> i32 {\n    x + 1\n}\n\nplus_one(\"Not a number\");\n//       ^^^^^^^^^^^^^^ expected `i32`, found `&str`\n\nif \"Not a bool\" {\n// ^^^^^^^^^^^^ expected `bool`, found `&str`\n}\n\nlet x: f32 = \"Not a float\";\n//     ---   ^^^^^^^^^^^^^ expected `f32`, found `&str`\n//     |\n//     expected due to this\n```\n\nThis error occurs when an expression was used in a place where the compiler\nexpected an expression of a different type. It can occur in several cases, the\nmost common being when calling a function and passing an argument which has a\ndifferent type than the matching type in the function declaration.\n"},"level":"error","spans":[{"file_name":"src/timestamp.rs","byte_start":2640,"byte_end":2683,"line_start":89,"line_end":89,"column_start":16,"column_end":59,"is_primary":true,"text":[{"text":"            || Ok(F::from(self.year.to_bytes()[0] as u64)),","highlight_start":16,"highlight_end":59}],"label":"expected struct `halo2_base::halo2_proofs::circuit::Value`, found enum `Result`","suggested_replacement":null,"suggestion_applicability":null,"expansion":null}],"children":[{"message":"expected struct `halo2_base::halo2_proofs::circuit::Value<_>`\n     found enum `Result<F, _>`","code":null,"level":"note","spans":[],"children":[],"rendered":null}],"rendered":"\u001b[0m\u001b[1m\u001b[38;5;9merror[E0308]\u001b[0m\u001b[0m\u001b[1m: mismatched types\u001b[0m\n\u001b[0m  \u001b[0m\u001b[0m\u001b[1m\u001b[38;5;12m--> \u001b[0m\u001b[0msrc/timestamp.rs:89:16\u001b[0m\n\u001b[0m   \u001b[0m\u001b[0m\u001b[1m\u001b[38;5;12m|\u001b[0m\n\u001b[0m\u001b[1m\u001b[38;5;12m89\u001b[0m\u001b[0m \u001b[0m\u001b[0m\u001b[1m\u001b[38;5;12m|\u001b[0m\u001b[0m \u001b[0m\u001b[0m            || Ok(F::from(self.year.to_bytes()[0] as u64)),\u001b[0m\n\u001b[0m   \u001b[0m\u001b[0m\u001b[1m\u001b[38;5;12m| \u001b[0m\u001b[0m               \u001b[0m\u001b[0m\u001b[1m\u001b[38;5;9m^^^^^^^^^^^^^^^^^^^^^^^^^^^^^^^^^^^^^^^^^^^\u001b[0m\u001b[0m \u001b[0m\u001b[0m\u001b[1m\u001b[38;5;9mexpected struct `halo2_base::halo2_proofs::circuit::Value`, found enum `Result`\u001b[0m\n\u001b[0m   \u001b[0m\u001b[0m\u001b[1m\u001b[38;5;12m|\u001b[0m\n\u001b[0m   \u001b[0m\u001b[0m\u001b[1m\u001b[38;5;12m= \u001b[0m\u001b[0m\u001b[1mnote\u001b[0m\u001b[0m: expected struct `\u001b[0m\u001b[0m\u001b[1mhalo2_base::halo2_proofs::circuit::Value<_>\u001b[0m\u001b[0m`\u001b[0m\n\u001b[0m                found enum `\u001b[0m\u001b[0m\u001b[1mResult<F, _>\u001b[0m\u001b[0m`\u001b[0m\n\n"}
{"message":"mismatched types","code":{"code":"E0308","explanation":"Expected type did not match the received type.\n\nErroneous code examples:\n\n```compile_fail,E0308\nfn plus_one(x: i32) -> i32 {\n    x + 1\n}\n\nplus_one(\"Not a number\");\n//       ^^^^^^^^^^^^^^ expected `i32`, found `&str`\n\nif \"Not a bool\" {\n// ^^^^^^^^^^^^ expected `bool`, found `&str`\n}\n\nlet x: f32 = \"Not a float\";\n//     ---   ^^^^^^^^^^^^^ expected `f32`, found `&str`\n//     |\n//     expected due to this\n```\n\nThis error occurs when an expression was used in a place where the compiler\nexpected an expression of a different type. It can occur in several cases, the\nmost common being when calling a function and passing an argument which has a\ndifferent type than the matching type in the function declaration.\n"},"level":"error","spans":[{"file_name":"src/timestamp.rs","byte_start":2816,"byte_end":2860,"line_start":96,"line_end":96,"column_start":16,"column_end":60,"is_primary":true,"text":[{"text":"            || Ok(F::from(self.month.to_bytes()[0] as u64)),","highlight_start":16,"highlight_end":60}],"label":"expected struct `halo2_base::halo2_proofs::circuit::Value`, found enum `Result`","suggested_replacement":null,"suggestion_applicability":null,"expansion":null}],"children":[{"message":"expected struct `halo2_base::halo2_proofs::circuit::Value<_>`\n     found enum `Result<F, _>`","code":null,"level":"note","spans":[],"children":[],"rendered":null}],"rendered":"\u001b[0m\u001b[1m\u001b[38;5;9merror[E0308]\u001b[0m\u001b[0m\u001b[1m: mismatched types\u001b[0m\n\u001b[0m  \u001b[0m\u001b[0m\u001b[1m\u001b[38;5;12m--> \u001b[0m\u001b[0msrc/timestamp.rs:96:16\u001b[0m\n\u001b[0m   \u001b[0m\u001b[0m\u001b[1m\u001b[38;5;12m|\u001b[0m\n\u001b[0m\u001b[1m\u001b[38;5;12m96\u001b[0m\u001b[0m \u001b[0m\u001b[0m\u001b[1m\u001b[38;5;12m|\u001b[0m\u001b[0m \u001b[0m\u001b[0m            || Ok(F::from(self.month.to_bytes()[0] as u64)),\u001b[0m\n\u001b[0m   \u001b[0m\u001b[0m\u001b[1m\u001b[38;5;12m| \u001b[0m\u001b[0m               \u001b[0m\u001b[0m\u001b[1m\u001b[38;5;9m^^^^^^^^^^^^^^^^^^^^^^^^^^^^^^^^^^^^^^^^^^^^\u001b[0m\u001b[0m \u001b[0m\u001b[0m\u001b[1m\u001b[38;5;9mexpected struct `halo2_base::halo2_proofs::circuit::Value`, found enum `Result`\u001b[0m\n\u001b[0m   \u001b[0m\u001b[0m\u001b[1m\u001b[38;5;12m|\u001b[0m\n\u001b[0m   \u001b[0m\u001b[0m\u001b[1m\u001b[38;5;12m= \u001b[0m\u001b[0m\u001b[1mnote\u001b[0m\u001b[0m: expected struct `\u001b[0m\u001b[0m\u001b[1mhalo2_base::halo2_proofs::circuit::Value<_>\u001b[0m\u001b[0m`\u001b[0m\n\u001b[0m                found enum `\u001b[0m\u001b[0m\u001b[1mResult<F, _>\u001b[0m\u001b[0m`\u001b[0m\n\n"}
{"message":"mismatched types","code":{"code":"E0308","explanation":"Expected type did not match the received type.\n\nErroneous code examples:\n\n```compile_fail,E0308\nfn plus_one(x: i32) -> i32 {\n    x + 1\n}\n\nplus_one(\"Not a number\");\n//       ^^^^^^^^^^^^^^ expected `i32`, found `&str`\n\nif \"Not a bool\" {\n// ^^^^^^^^^^^^ expected `bool`, found `&str`\n}\n\nlet x: f32 = \"Not a float\";\n//     ---   ^^^^^^^^^^^^^ expected `f32`, found `&str`\n//     |\n//     expected due to this\n```\n\nThis error occurs when an expression was used in a place where the compiler\nexpected an expression of a different type. It can occur in several cases, the\nmost common being when calling a function and passing an argument which has a\ndifferent type than the matching type in the function declaration.\n"},"level":"error","spans":[{"file_name":"src/timestamp.rs","byte_start":2987,"byte_end":3029,"line_start":103,"line_end":103,"column_start":16,"column_end":58,"is_primary":true,"text":[{"text":"            || Ok(F::from(self.day.to_bytes()[0] as u64)),","highlight_start":16,"highlight_end":58}],"label":"expected struct `halo2_base::halo2_proofs::circuit::Value`, found enum `Result`","suggested_replacement":null,"suggestion_applicability":null,"expansion":null}],"children":[{"message":"expected struct `halo2_base::halo2_proofs::circuit::Value<_>`\n     found enum `Result<F, _>`","code":null,"level":"note","spans":[],"children":[],"rendered":null}],"rendered":"\u001b[0m\u001b[1m\u001b[38;5;9merror[E0308]\u001b[0m\u001b[0m\u001b[1m: mismatched types\u001b[0m\n\u001b[0m   \u001b[0m\u001b[0m\u001b[1m\u001b[38;5;12m--> \u001b[0m\u001b[0msrc/timestamp.rs:103:16\u001b[0m\n\u001b[0m    \u001b[0m\u001b[0m\u001b[1m\u001b[38;5;12m|\u001b[0m\n\u001b[0m\u001b[1m\u001b[38;5;12m103\u001b[0m\u001b[0m \u001b[0m\u001b[0m\u001b[1m\u001b[38;5;12m|\u001b[0m\u001b[0m \u001b[0m\u001b[0m            || Ok(F::from(self.day.to_bytes()[0] as u64)),\u001b[0m\n\u001b[0m    \u001b[0m\u001b[0m\u001b[1m\u001b[38;5;12m| \u001b[0m\u001b[0m               \u001b[0m\u001b[0m\u001b[1m\u001b[38;5;9m^^^^^^^^^^^^^^^^^^^^^^^^^^^^^^^^^^^^^^^^^^\u001b[0m\u001b[0m \u001b[0m\u001b[0m\u001b[1m\u001b[38;5;9mexpected struct `halo2_base::halo2_proofs::circuit::Value`, found enum `Result`\u001b[0m\n\u001b[0m    \u001b[0m\u001b[0m\u001b[1m\u001b[38;5;12m|\u001b[0m\n\u001b[0m    \u001b[0m\u001b[0m\u001b[1m\u001b[38;5;12m= \u001b[0m\u001b[0m\u001b[1mnote\u001b[0m\u001b[0m: expected struct `\u001b[0m\u001b[0m\u001b[1mhalo2_base::halo2_proofs::circuit::Value<_>\u001b[0m\u001b[0m`\u001b[0m\n\u001b[0m                 found enum `\u001b[0m\u001b[0m\u001b[1mResult<F, _>\u001b[0m\u001b[0m`\u001b[0m\n\n"}
{"message":"mismatched types","code":{"code":"E0308","explanation":"Expected type did not match the received type.\n\nErroneous code examples:\n\n```compile_fail,E0308\nfn plus_one(x: i32) -> i32 {\n    x + 1\n}\n\nplus_one(\"Not a number\");\n//       ^^^^^^^^^^^^^^ expected `i32`, found `&str`\n\nif \"Not a bool\" {\n// ^^^^^^^^^^^^ expected `bool`, found `&str`\n}\n\nlet x: f32 = \"Not a float\";\n//     ---   ^^^^^^^^^^^^^ expected `f32`, found `&str`\n//     |\n//     expected due to this\n```\n\nThis error occurs when an expression was used in a place where the compiler\nexpected an expression of a different type. It can occur in several cases, the\nmost common being when calling a function and passing an argument which has a\ndifferent type than the matching type in the function declaration.\n"},"level":"error","spans":[{"file_name":"src/timestamp.rs","byte_start":3159,"byte_end":3202,"line_start":110,"line_end":110,"column_start":16,"column_end":59,"is_primary":true,"text":[{"text":"            || Ok(F::from(self.hour.to_bytes()[0] as u64)),","highlight_start":16,"highlight_end":59}],"label":"expected struct `halo2_base::halo2_proofs::circuit::Value`, found enum `Result`","suggested_replacement":null,"suggestion_applicability":null,"expansion":null}],"children":[{"message":"expected struct `halo2_base::halo2_proofs::circuit::Value<_>`\n     found enum `Result<F, _>`","code":null,"level":"note","spans":[],"children":[],"rendered":null}],"rendered":"\u001b[0m\u001b[1m\u001b[38;5;9merror[E0308]\u001b[0m\u001b[0m\u001b[1m: mismatched types\u001b[0m\n\u001b[0m   \u001b[0m\u001b[0m\u001b[1m\u001b[38;5;12m--> \u001b[0m\u001b[0msrc/timestamp.rs:110:16\u001b[0m\n\u001b[0m    \u001b[0m\u001b[0m\u001b[1m\u001b[38;5;12m|\u001b[0m\n\u001b[0m\u001b[1m\u001b[38;5;12m110\u001b[0m\u001b[0m \u001b[0m\u001b[0m\u001b[1m\u001b[38;5;12m|\u001b[0m\u001b[0m \u001b[0m\u001b[0m            || Ok(F::from(self.hour.to_bytes()[0] as u64)),\u001b[0m\n\u001b[0m    \u001b[0m\u001b[0m\u001b[1m\u001b[38;5;12m| \u001b[0m\u001b[0m               \u001b[0m\u001b[0m\u001b[1m\u001b[38;5;9m^^^^^^^^^^^^^^^^^^^^^^^^^^^^^^^^^^^^^^^^^^^\u001b[0m\u001b[0m \u001b[0m\u001b[0m\u001b[1m\u001b[38;5;9mexpected struct `halo2_base::halo2_proofs::circuit::Value`, found enum `Result`\u001b[0m\n\u001b[0m    \u001b[0m\u001b[0m\u001b[1m\u001b[38;5;12m|\u001b[0m\n\u001b[0m    \u001b[0m\u001b[0m\u001b[1m\u001b[38;5;12m= \u001b[0m\u001b[0m\u001b[1mnote\u001b[0m\u001b[0m: expected struct `\u001b[0m\u001b[0m\u001b[1mhalo2_base::halo2_proofs::circuit::Value<_>\u001b[0m\u001b[0m`\u001b[0m\n\u001b[0m                 found enum `\u001b[0m\u001b[0m\u001b[1mResult<F, _>\u001b[0m\u001b[0m`\u001b[0m\n\n"}
{"message":"mismatched types","code":{"code":"E0308","explanation":"Expected type did not match the received type.\n\nErroneous code examples:\n\n```compile_fail,E0308\nfn plus_one(x: i32) -> i32 {\n    x + 1\n}\n\nplus_one(\"Not a number\");\n//       ^^^^^^^^^^^^^^ expected `i32`, found `&str`\n\nif \"Not a bool\" {\n// ^^^^^^^^^^^^ expected `bool`, found `&str`\n}\n\nlet x: f32 = \"Not a float\";\n//     ---   ^^^^^^^^^^^^^ expected `f32`, found `&str`\n//     |\n//     expected due to this\n```\n\nThis error occurs when an expression was used in a place where the compiler\nexpected an expression of a different type. It can occur in several cases, the\nmost common being when calling a function and passing an argument which has a\ndifferent type than the matching type in the function declaration.\n"},"level":"error","spans":[{"file_name":"src/timestamp.rs","byte_start":3338,"byte_end":3383,"line_start":117,"line_end":117,"column_start":16,"column_end":61,"is_primary":true,"text":[{"text":"            || Ok(F::from(self.minute.to_bytes()[0] as u64)),","highlight_start":16,"highlight_end":61}],"label":"expected struct `halo2_base::halo2_proofs::circuit::Value`, found enum `Result`","suggested_replacement":null,"suggestion_applicability":null,"expansion":null}],"children":[{"message":"expected struct `halo2_base::halo2_proofs::circuit::Value<_>`\n     found enum `Result<F, _>`","code":null,"level":"note","spans":[],"children":[],"rendered":null}],"rendered":"\u001b[0m\u001b[1m\u001b[38;5;9merror[E0308]\u001b[0m\u001b[0m\u001b[1m: mismatched types\u001b[0m\n\u001b[0m   \u001b[0m\u001b[0m\u001b[1m\u001b[38;5;12m--> \u001b[0m\u001b[0msrc/timestamp.rs:117:16\u001b[0m\n\u001b[0m    \u001b[0m\u001b[0m\u001b[1m\u001b[38;5;12m|\u001b[0m\n\u001b[0m\u001b[1m\u001b[38;5;12m117\u001b[0m\u001b[0m \u001b[0m\u001b[0m\u001b[1m\u001b[38;5;12m|\u001b[0m\u001b[0m \u001b[0m\u001b[0m            || Ok(F::from(self.minute.to_bytes()[0] as u64)),\u001b[0m\n\u001b[0m    \u001b[0m\u001b[0m\u001b[1m\u001b[38;5;12m| \u001b[0m\u001b[0m               \u001b[0m\u001b[0m\u001b[1m\u001b[38;5;9m^^^^^^^^^^^^^^^^^^^^^^^^^^^^^^^^^^^^^^^^^^^^^\u001b[0m\u001b[0m \u001b[0m\u001b[0m\u001b[1m\u001b[38;5;9mexpected struct `halo2_base::halo2_proofs::circuit::Value`, found enum `Result`\u001b[0m\n\u001b[0m    \u001b[0m\u001b[0m\u001b[1m\u001b[38;5;12m|\u001b[0m\n\u001b[0m    \u001b[0m\u001b[0m\u001b[1m\u001b[38;5;12m= \u001b[0m\u001b[0m\u001b[1mnote\u001b[0m\u001b[0m: expected struct `\u001b[0m\u001b[0m\u001b[1mhalo2_base::halo2_proofs::circuit::Value<_>\u001b[0m\u001b[0m`\u001b[0m\n\u001b[0m                 found enum `\u001b[0m\u001b[0m\u001b[1mResult<F, _>\u001b[0m\u001b[0m`\u001b[0m\n\n"}
{"message":"mismatched types","code":{"code":"E0308","explanation":"Expected type did not match the received type.\n\nErroneous code examples:\n\n```compile_fail,E0308\nfn plus_one(x: i32) -> i32 {\n    x + 1\n}\n\nplus_one(\"Not a number\");\n//       ^^^^^^^^^^^^^^ expected `i32`, found `&str`\n\nif \"Not a bool\" {\n// ^^^^^^^^^^^^ expected `bool`, found `&str`\n}\n\nlet x: f32 = \"Not a float\";\n//     ---   ^^^^^^^^^^^^^ expected `f32`, found `&str`\n//     |\n//     expected due to this\n```\n\nThis error occurs when an expression was used in a place where the compiler\nexpected an expression of a different type. It can occur in several cases, the\nmost common being when calling a function and passing an argument which has a\ndifferent type than the matching type in the function declaration.\n"},"level":"error","spans":[{"file_name":"src/timestamp.rs","byte_start":3519,"byte_end":3564,"line_start":124,"line_end":124,"column_start":16,"column_end":61,"is_primary":true,"text":[{"text":"            || Ok(F::from(self.second.to_bytes()[0] as u64)),","highlight_start":16,"highlight_end":61}],"label":"expected struct `halo2_base::halo2_proofs::circuit::Value`, found enum `Result`","suggested_replacement":null,"suggestion_applicability":null,"expansion":null}],"children":[{"message":"expected struct `halo2_base::halo2_proofs::circuit::Value<_>`\n     found enum `Result<F, _>`","code":null,"level":"note","spans":[],"children":[],"rendered":null}],"rendered":"\u001b[0m\u001b[1m\u001b[38;5;9merror[E0308]\u001b[0m\u001b[0m\u001b[1m: mismatched types\u001b[0m\n\u001b[0m   \u001b[0m\u001b[0m\u001b[1m\u001b[38;5;12m--> \u001b[0m\u001b[0msrc/timestamp.rs:124:16\u001b[0m\n\u001b[0m    \u001b[0m\u001b[0m\u001b[1m\u001b[38;5;12m|\u001b[0m\n\u001b[0m\u001b[1m\u001b[38;5;12m124\u001b[0m\u001b[0m \u001b[0m\u001b[0m\u001b[1m\u001b[38;5;12m|\u001b[0m\u001b[0m \u001b[0m\u001b[0m            || Ok(F::from(self.second.to_bytes()[0] as u64)),\u001b[0m\n\u001b[0m    \u001b[0m\u001b[0m\u001b[1m\u001b[38;5;12m| \u001b[0m\u001b[0m               \u001b[0m\u001b[0m\u001b[1m\u001b[38;5;9m^^^^^^^^^^^^^^^^^^^^^^^^^^^^^^^^^^^^^^^^^^^^^\u001b[0m\u001b[0m \u001b[0m\u001b[0m\u001b[1m\u001b[38;5;9mexpected struct `halo2_base::halo2_proofs::circuit::Value`, found enum `Result`\u001b[0m\n\u001b[0m    \u001b[0m\u001b[0m\u001b[1m\u001b[38;5;12m|\u001b[0m\n\u001b[0m    \u001b[0m\u001b[0m\u001b[1m\u001b[38;5;12m= \u001b[0m\u001b[0m\u001b[1mnote\u001b[0m\u001b[0m: expected struct `\u001b[0m\u001b[0m\u001b[1mhalo2_base::halo2_proofs::circuit::Value<_>\u001b[0m\u001b[0m`\u001b[0m\n\u001b[0m                 found enum `\u001b[0m\u001b[0m\u001b[1mResult<F, _>\u001b[0m\u001b[0m`\u001b[0m\n\n"}
{"message":"no method named `create_gate` found for mutable reference `&mut impl Assignment<F>` in the current scope","code":{"code":"E0599","explanation":"This error occurs when a method is used on a type which doesn't implement it:\n\nErroneous code example:\n\n```compile_fail,E0599\nstruct Mouth;\n\nlet x = Mouth;\nx.chocolate(); // error: no method named `chocolate` found for type `Mouth`\n               //        in the current scope\n```\n\nIn this case, you need to implement the `chocolate` method to fix the error:\n\n```\nstruct Mouth;\n\nimpl Mouth {\n    fn chocolate(&self) { // We implement the `chocolate` method here.\n        println!(\"Hmmm! I love chocolate!\");\n    }\n}\n\nlet x = Mouth;\nx.chocolate(); // ok!\n```\n"},"level":"error","spans":[{"file_name":"src/timestamp.rs","byte_start":3686,"byte_end":3697,"line_start":128,"line_end":128,"column_start":12,"column_end":23,"is_primary":true,"text":[{"text":"        cs.create_gate(\"year_constraints\", |meta| {","highlight_start":12,"highlight_end":23}],"label":"method not found in `&mut impl Assignment<F>`","suggested_replacement":null,"suggestion_applicability":null,"expansion":null}],"children":[],"rendered":"\u001b[0m\u001b[1m\u001b[38;5;9merror[E0599]\u001b[0m\u001b[0m\u001b[1m: no method named `create_gate` found for mutable reference `&mut impl Assignment<F>` in the current scope\u001b[0m\n\u001b[0m   \u001b[0m\u001b[0m\u001b[1m\u001b[38;5;12m--> \u001b[0m\u001b[0msrc/timestamp.rs:128:12\u001b[0m\n\u001b[0m    \u001b[0m\u001b[0m\u001b[1m\u001b[38;5;12m|\u001b[0m\n\u001b[0m\u001b[1m\u001b[38;5;12m128\u001b[0m\u001b[0m \u001b[0m\u001b[0m\u001b[1m\u001b[38;5;12m|\u001b[0m\u001b[0m \u001b[0m\u001b[0m        cs.create_gate(\"year_constraints\", |meta| {\u001b[0m\n\u001b[0m    \u001b[0m\u001b[0m\u001b[1m\u001b[38;5;12m| \u001b[0m\u001b[0m           \u001b[0m\u001b[0m\u001b[1m\u001b[38;5;9m^^^^^^^^^^^\u001b[0m\u001b[0m \u001b[0m\u001b[0m\u001b[1m\u001b[38;5;9mmethod not found in `&mut impl Assignment<F>`\u001b[0m\n\n"}
{"message":"no field `max_years` on type `&DigitBytesToTimestamp`","code":{"code":"E0609","explanation":"Attempted to access a non-existent field in a struct.\n\nErroneous code example:\n\n```compile_fail,E0609\nstruct StructWithFields {\n    x: u32,\n}\n\nlet s = StructWithFields { x: 0 };\nprintln!(\"{}\", s.foo); // error: no field `foo` on type `StructWithFields`\n```\n\nTo fix this error, check that you didn't misspell the field's name or that the\nfield actually exists. Example:\n\n```\nstruct StructWithFields {\n    x: u32,\n}\n\nlet s = StructWithFields { x: 0 };\nprintln!(\"{}\", s.x); // ok!\n```\n"},"level":"error","spans":[{"file_name":"src/timestamp.rs","byte_start":3905,"byte_end":3914,"line_start":132,"line_end":132,"column_start":38,"column_end":47,"is_primary":true,"text":[{"text":"                (year - F::from(self.max_years), F::zero()),","highlight_start":38,"highlight_end":47}],"label":"unknown field","suggested_replacement":null,"suggestion_applicability":null,"expansion":null}],"children":[{"message":"available fields are: `year`, `month`, `day`, `hour`, `minute`, `second`","code":null,"level":"note","spans":[],"children":[],"rendered":null}],"rendered":"\u001b[0m\u001b[1m\u001b[38;5;9merror[E0609]\u001b[0m\u001b[0m\u001b[1m: no field `max_years` on type `&DigitBytesToTimestamp`\u001b[0m\n\u001b[0m   \u001b[0m\u001b[0m\u001b[1m\u001b[38;5;12m--> \u001b[0m\u001b[0msrc/timestamp.rs:132:38\u001b[0m\n\u001b[0m    \u001b[0m\u001b[0m\u001b[1m\u001b[38;5;12m|\u001b[0m\n\u001b[0m\u001b[1m\u001b[38;5;12m132\u001b[0m\u001b[0m \u001b[0m\u001b[0m\u001b[1m\u001b[38;5;12m|\u001b[0m\u001b[0m \u001b[0m\u001b[0m                (year - F::from(self.max_years), F::zero()),\u001b[0m\n\u001b[0m    \u001b[0m\u001b[0m\u001b[1m\u001b[38;5;12m| \u001b[0m\u001b[0m                                     \u001b[0m\u001b[0m\u001b[1m\u001b[38;5;9m^^^^^^^^^\u001b[0m\u001b[0m \u001b[0m\u001b[0m\u001b[1m\u001b[38;5;9munknown field\u001b[0m\n\u001b[0m    \u001b[0m\u001b[0m\u001b[1m\u001b[38;5;12m|\u001b[0m\n\u001b[0m    \u001b[0m\u001b[0m\u001b[1m\u001b[38;5;12m= \u001b[0m\u001b[0m\u001b[1mnote\u001b[0m\u001b[0m: available fields are: `year`, `month`, `day`, `hour`, `minute`, `second`\u001b[0m\n\n"}
{"message":"no method named `create_gate` found for mutable reference `&mut impl Assignment<F>` in the current scope","code":{"code":"E0599","explanation":"This error occurs when a method is used on a type which doesn't implement it:\n\nErroneous code example:\n\n```compile_fail,E0599\nstruct Mouth;\n\nlet x = Mouth;\nx.chocolate(); // error: no method named `chocolate` found for type `Mouth`\n               //        in the current scope\n```\n\nIn this case, you need to implement the `chocolate` method to fix the error:\n\n```\nstruct Mouth;\n\nimpl Mouth {\n    fn chocolate(&self) { // We implement the `chocolate` method here.\n        println!(\"Hmmm! I love chocolate!\");\n    }\n}\n\nlet x = Mouth;\nx.chocolate(); // ok!\n```\n"},"level":"error","spans":[{"file_name":"src/timestamp.rs","byte_start":3968,"byte_end":3979,"line_start":136,"line_end":136,"column_start":12,"column_end":23,"is_primary":true,"text":[{"text":"        cs.create_gate(\"month_constraints\", |meta| {","highlight_start":12,"highlight_end":23}],"label":"method not found in `&mut impl Assignment<F>`","suggested_replacement":null,"suggestion_applicability":null,"expansion":null}],"children":[],"rendered":"\u001b[0m\u001b[1m\u001b[38;5;9merror[E0599]\u001b[0m\u001b[0m\u001b[1m: no method named `create_gate` found for mutable reference `&mut impl Assignment<F>` in the current scope\u001b[0m\n\u001b[0m   \u001b[0m\u001b[0m\u001b[1m\u001b[38;5;12m--> \u001b[0m\u001b[0msrc/timestamp.rs:136:12\u001b[0m\n\u001b[0m    \u001b[0m\u001b[0m\u001b[1m\u001b[38;5;12m|\u001b[0m\n\u001b[0m\u001b[1m\u001b[38;5;12m136\u001b[0m\u001b[0m \u001b[0m\u001b[0m\u001b[1m\u001b[38;5;12m|\u001b[0m\u001b[0m \u001b[0m\u001b[0m        cs.create_gate(\"month_constraints\", |meta| {\u001b[0m\n\u001b[0m    \u001b[0m\u001b[0m\u001b[1m\u001b[38;5;12m| \u001b[0m\u001b[0m           \u001b[0m\u001b[0m\u001b[1m\u001b[38;5;9m^^^^^^^^^^^\u001b[0m\u001b[0m \u001b[0m\u001b[0m\u001b[1m\u001b[38;5;9mmethod not found in `&mut impl Assignment<F>`\u001b[0m\n\n"}
{"message":"no method named `create_gate` found for mutable reference `&mut impl Assignment<F>` in the current scope","code":{"code":"E0599","explanation":"This error occurs when a method is used on a type which doesn't implement it:\n\nErroneous code example:\n\n```compile_fail,E0599\nstruct Mouth;\n\nlet x = Mouth;\nx.chocolate(); // error: no method named `chocolate` found for type `Mouth`\n               //        in the current scope\n```\n\nIn this case, you need to implement the `chocolate` method to fix the error:\n\n```\nstruct Mouth;\n\nimpl Mouth {\n    fn chocolate(&self) { // We implement the `chocolate` method here.\n        println!(\"Hmmm! I love chocolate!\");\n    }\n}\n\nlet x = Mouth;\nx.chocolate(); // ok!\n```\n"},"level":"error","spans":[{"file_name":"src/timestamp.rs","byte_start":4240,"byte_end":4251,"line_start":144,"line_end":144,"column_start":12,"column_end":23,"is_primary":true,"text":[{"text":"        cs.create_gate(\"day_constraints\", |meta| {","highlight_start":12,"highlight_end":23}],"label":"method not found in `&mut impl Assignment<F>`","suggested_replacement":null,"suggestion_applicability":null,"expansion":null}],"children":[],"rendered":"\u001b[0m\u001b[1m\u001b[38;5;9merror[E0599]\u001b[0m\u001b[0m\u001b[1m: no method named `create_gate` found for mutable reference `&mut impl Assignment<F>` in the current scope\u001b[0m\n\u001b[0m   \u001b[0m\u001b[0m\u001b[1m\u001b[38;5;12m--> \u001b[0m\u001b[0msrc/timestamp.rs:144:12\u001b[0m\n\u001b[0m    \u001b[0m\u001b[0m\u001b[1m\u001b[38;5;12m|\u001b[0m\n\u001b[0m\u001b[1m\u001b[38;5;12m144\u001b[0m\u001b[0m \u001b[0m\u001b[0m\u001b[1m\u001b[38;5;12m|\u001b[0m\u001b[0m \u001b[0m\u001b[0m        cs.create_gate(\"day_constraints\", |meta| {\u001b[0m\n\u001b[0m    \u001b[0m\u001b[0m\u001b[1m\u001b[38;5;12m| \u001b[0m\u001b[0m           \u001b[0m\u001b[0m\u001b[1m\u001b[38;5;9m^^^^^^^^^^^\u001b[0m\u001b[0m \u001b[0m\u001b[0m\u001b[1m\u001b[38;5;9mmethod not found in `&mut impl Assignment<F>`\u001b[0m\n\n"}
{"message":"no method named `create_gate` found for mutable reference `&mut impl Assignment<F>` in the current scope","code":{"code":"E0599","explanation":"This error occurs when a method is used on a type which doesn't implement it:\n\nErroneous code example:\n\n```compile_fail,E0599\nstruct Mouth;\n\nlet x = Mouth;\nx.chocolate(); // error: no method named `chocolate` found for type `Mouth`\n               //        in the current scope\n```\n\nIn this case, you need to implement the `chocolate` method to fix the error:\n\n```\nstruct Mouth;\n\nimpl Mouth {\n    fn chocolate(&self) { // We implement the `chocolate` method here.\n        println!(\"Hmmm! I love chocolate!\");\n    }\n}\n\nlet x = Mouth;\nx.chocolate(); // ok!\n```\n"},"level":"error","spans":[{"file_name":"src/timestamp.rs","byte_start":4502,"byte_end":4513,"line_start":152,"line_end":152,"column_start":12,"column_end":23,"is_primary":true,"text":[{"text":"        cs.create_gate(\"hour_constraints\", |meta| {","highlight_start":12,"highlight_end":23}],"label":"method not found in `&mut impl Assignment<F>`","suggested_replacement":null,"suggestion_applicability":null,"expansion":null}],"children":[],"rendered":"\u001b[0m\u001b[1m\u001b[38;5;9merror[E0599]\u001b[0m\u001b[0m\u001b[1m: no method named `create_gate` found for mutable reference `&mut impl Assignment<F>` in the current scope\u001b[0m\n\u001b[0m   \u001b[0m\u001b[0m\u001b[1m\u001b[38;5;12m--> \u001b[0m\u001b[0msrc/timestamp.rs:152:12\u001b[0m\n\u001b[0m    \u001b[0m\u001b[0m\u001b[1m\u001b[38;5;12m|\u001b[0m\n\u001b[0m\u001b[1m\u001b[38;5;12m152\u001b[0m\u001b[0m \u001b[0m\u001b[0m\u001b[1m\u001b[38;5;12m|\u001b[0m\u001b[0m \u001b[0m\u001b[0m        cs.create_gate(\"hour_constraints\", |meta| {\u001b[0m\n\u001b[0m    \u001b[0m\u001b[0m\u001b[1m\u001b[38;5;12m| \u001b[0m\u001b[0m           \u001b[0m\u001b[0m\u001b[1m\u001b[38;5;9m^^^^^^^^^^^\u001b[0m\u001b[0m \u001b[0m\u001b[0m\u001b[1m\u001b[38;5;9mmethod not found in `&mut impl Assignment<F>`\u001b[0m\n\n"}
{"message":"no method named `create_gate` found for mutable reference `&mut impl Assignment<F>` in the current scope","code":{"code":"E0599","explanation":"This error occurs when a method is used on a type which doesn't implement it:\n\nErroneous code example:\n\n```compile_fail,E0599\nstruct Mouth;\n\nlet x = Mouth;\nx.chocolate(); // error: no method named `chocolate` found for type `Mouth`\n               //        in the current scope\n```\n\nIn this case, you need to implement the `chocolate` method to fix the error:\n\n```\nstruct Mouth;\n\nimpl Mouth {\n    fn chocolate(&self) { // We implement the `chocolate` method here.\n        println!(\"Hmmm! I love chocolate!\");\n    }\n}\n\nlet x = Mouth;\nx.chocolate(); // ok!\n```\n"},"level":"error","spans":[{"file_name":"src/timestamp.rs","byte_start":4769,"byte_end":4780,"line_start":160,"line_end":160,"column_start":12,"column_end":23,"is_primary":true,"text":[{"text":"        cs.create_gate(\"minute_constraints\", |meta| {","highlight_start":12,"highlight_end":23}],"label":"method not found in `&mut impl Assignment<F>`","suggested_replacement":null,"suggestion_applicability":null,"expansion":null}],"children":[],"rendered":"\u001b[0m\u001b[1m\u001b[38;5;9merror[E0599]\u001b[0m\u001b[0m\u001b[1m: no method named `create_gate` found for mutable reference `&mut impl Assignment<F>` in the current scope\u001b[0m\n\u001b[0m   \u001b[0m\u001b[0m\u001b[1m\u001b[38;5;12m--> \u001b[0m\u001b[0msrc/timestamp.rs:160:12\u001b[0m\n\u001b[0m    \u001b[0m\u001b[0m\u001b[1m\u001b[38;5;12m|\u001b[0m\n\u001b[0m\u001b[1m\u001b[38;5;12m160\u001b[0m\u001b[0m \u001b[0m\u001b[0m\u001b[1m\u001b[38;5;12m|\u001b[0m\u001b[0m \u001b[0m\u001b[0m        cs.create_gate(\"minute_constraints\", |meta| {\u001b[0m\n\u001b[0m    \u001b[0m\u001b[0m\u001b[1m\u001b[38;5;12m| \u001b[0m\u001b[0m           \u001b[0m\u001b[0m\u001b[1m\u001b[38;5;9m^^^^^^^^^^^\u001b[0m\u001b[0m \u001b[0m\u001b[0m\u001b[1m\u001b[38;5;9mmethod not found in `&mut impl Assignment<F>`\u001b[0m\n\n"}
{"message":"no method named `create_gate` found for mutable reference `&mut impl Assignment<F>` in the current scope","code":{"code":"E0599","explanation":"This error occurs when a method is used on a type which doesn't implement it:\n\nErroneous code example:\n\n```compile_fail,E0599\nstruct Mouth;\n\nlet x = Mouth;\nx.chocolate(); // error: no method named `chocolate` found for type `Mouth`\n               //        in the current scope\n```\n\nIn this case, you need to implement the `chocolate` method to fix the error:\n\n```\nstruct Mouth;\n\nimpl Mouth {\n    fn chocolate(&self) { // We implement the `chocolate` method here.\n        println!(\"Hmmm! I love chocolate!\");\n    }\n}\n\nlet x = Mouth;\nx.chocolate(); // ok!\n```\n"},"level":"error","spans":[{"file_name":"src/timestamp.rs","byte_start":5046,"byte_end":5057,"line_start":168,"line_end":168,"column_start":12,"column_end":23,"is_primary":true,"text":[{"text":"        cs.create_gate(\"second_constraints\", |meta| {","highlight_start":12,"highlight_end":23}],"label":"method not found in `&mut impl Assignment<F>`","suggested_replacement":null,"suggestion_applicability":null,"expansion":null}],"children":[],"rendered":"\u001b[0m\u001b[1m\u001b[38;5;9merror[E0599]\u001b[0m\u001b[0m\u001b[1m: no method named `create_gate` found for mutable reference `&mut impl Assignment<F>` in the current scope\u001b[0m\n\u001b[0m   \u001b[0m\u001b[0m\u001b[1m\u001b[38;5;12m--> \u001b[0m\u001b[0msrc/timestamp.rs:168:12\u001b[0m\n\u001b[0m    \u001b[0m\u001b[0m\u001b[1m\u001b[38;5;12m|\u001b[0m\n\u001b[0m\u001b[1m\u001b[38;5;12m168\u001b[0m\u001b[0m \u001b[0m\u001b[0m\u001b[1m\u001b[38;5;12m|\u001b[0m\u001b[0m \u001b[0m\u001b[0m        cs.create_gate(\"second_constraints\", |meta| {\u001b[0m\n\u001b[0m    \u001b[0m\u001b[0m\u001b[1m\u001b[38;5;12m| \u001b[0m\u001b[0m           \u001b[0m\u001b[0m\u001b[1m\u001b[38;5;9m^^^^^^^^^^^\u001b[0m\u001b[0m \u001b[0m\u001b[0m\u001b[1m\u001b[38;5;9mmethod not found in `&mut impl Assignment<F>`\u001b[0m\n\n"}
{"message":"mismatched types","code":{"code":"E0308","explanation":"Expected type did not match the received type.\n\nErroneous code examples:\n\n```compile_fail,E0308\nfn plus_one(x: i32) -> i32 {\n    x + 1\n}\n\nplus_one(\"Not a number\");\n//       ^^^^^^^^^^^^^^ expected `i32`, found `&str`\n\nif \"Not a bool\" {\n// ^^^^^^^^^^^^ expected `bool`, found `&str`\n}\n\nlet x: f32 = \"Not a float\";\n//     ---   ^^^^^^^^^^^^^ expected `f32`, found `&str`\n//     |\n//     expected due to this\n```\n\nThis error occurs when an expression was used in a place where the compiler\nexpected an expression of a different type. It can occur in several cases, the\nmost common being when calling a function and passing an argument which has a\ndifferent type than the matching type in the function declaration.\n"},"level":"error","spans":[{"file_name":"src/timestamp.rs","byte_start":6145,"byte_end":6158,"line_start":198,"line_end":198,"column_start":12,"column_end":25,"is_primary":true,"text":[{"text":"        || Ok(F::zero()), // Placeholder","highlight_start":12,"highlight_end":25}],"label":"expected struct `halo2_base::halo2_proofs::circuit::Value`, found enum `Result`","suggested_replacement":null,"suggestion_applicability":null,"expansion":null}],"children":[{"message":"expected struct `halo2_base::halo2_proofs::circuit::Value<_>`\n     found enum `Result<F, _>`","code":null,"level":"note","spans":[],"children":[],"rendered":null}],"rendered":"\u001b[0m\u001b[1m\u001b[38;5;9merror[E0308]\u001b[0m\u001b[0m\u001b[1m: mismatched types\u001b[0m\n\u001b[0m   \u001b[0m\u001b[0m\u001b[1m\u001b[38;5;12m--> \u001b[0m\u001b[0msrc/timestamp.rs:198:12\u001b[0m\n\u001b[0m    \u001b[0m\u001b[0m\u001b[1m\u001b[38;5;12m|\u001b[0m\n\u001b[0m\u001b[1m\u001b[38;5;12m198\u001b[0m\u001b[0m \u001b[0m\u001b[0m\u001b[1m\u001b[38;5;12m|\u001b[0m\u001b[0m \u001b[0m\u001b[0m        || Ok(F::zero()), // Placeholder\u001b[0m\n\u001b[0m    \u001b[0m\u001b[0m\u001b[1m\u001b[38;5;12m| \u001b[0m\u001b[0m           \u001b[0m\u001b[0m\u001b[1m\u001b[38;5;9m^^^^^^^^^^^^^\u001b[0m\u001b[0m \u001b[0m\u001b[0m\u001b[1m\u001b[38;5;9mexpected struct `halo2_base::halo2_proofs::circuit::Value`, found enum `Result`\u001b[0m\n\u001b[0m    \u001b[0m\u001b[0m\u001b[1m\u001b[38;5;12m|\u001b[0m\n\u001b[0m    \u001b[0m\u001b[0m\u001b[1m\u001b[38;5;12m= \u001b[0m\u001b[0m\u001b[1mnote\u001b[0m\u001b[0m: expected struct `\u001b[0m\u001b[0m\u001b[1mhalo2_base::halo2_proofs::circuit::Value<_>\u001b[0m\u001b[0m`\u001b[0m\n\u001b[0m                 found enum `\u001b[0m\u001b[0m\u001b[1mResult<F, _>\u001b[0m\u001b[0m`\u001b[0m\n\n"}
{"message":"mismatched types","code":{"code":"E0308","explanation":"Expected type did not match the received type.\n\nErroneous code examples:\n\n```compile_fail,E0308\nfn plus_one(x: i32) -> i32 {\n    x + 1\n}\n\nplus_one(\"Not a number\");\n//       ^^^^^^^^^^^^^^ expected `i32`, found `&str`\n\nif \"Not a bool\" {\n// ^^^^^^^^^^^^ expected `bool`, found `&str`\n}\n\nlet x: f32 = \"Not a float\";\n//     ---   ^^^^^^^^^^^^^ expected `f32`, found `&str`\n//     |\n//     expected due to this\n```\n\nThis error occurs when an expression was used in a place where the compiler\nexpected an expression of a different type. It can occur in several cases, the\nmost common being when calling a function and passing an argument which has a\ndifferent type than the matching type in the function declaration.\n"},"level":"error","spans":[{"file_name":"src/timestamp.rs","byte_start":6191,"byte_end":6208,"line_start":201,"line_end":201,"column_start":8,"column_end":25,"is_primary":true,"text":[{"text":"    Ok(total_days_passed)","highlight_start":8,"highlight_end":25}],"label":"expected struct `AssignedCell`, found `()`","suggested_replacement":null,"suggestion_applicability":null,"expansion":null},{"file_name":"src/timestamp.rs","byte_start":6188,"byte_end":6190,"line_start":201,"line_end":201,"column_start":5,"column_end":7,"is_primary":false,"text":[{"text":"    Ok(total_days_passed)","highlight_start":5,"highlight_end":7}],"label":"arguments to this enum variant are incorrect","suggested_replacement":null,"suggestion_applicability":null,"expansion":null}],"children":[{"message":"expected struct `AssignedCell<F, F>`\nfound unit type `()`","code":null,"level":"note","spans":[],"children":[],"rendered":null},{"message":"tuple variant defined here","code":null,"level":"note","spans":[{"file_name":"/Users/hridambasu/.rustup/toolchains/nightly-2022-10-28-x86_64-apple-darwin/lib/rustlib/src/rust/library/core/src/result.rs","byte_start":18449,"byte_end":18451,"line_start":508,"line_end":508,"column_start":5,"column_end":7,"is_primary":true,"text":[{"text":"    Ok(#[stable(feature = \"rust1\", since = \"1.0.0\")] T),","highlight_start":5,"highlight_end":7}],"label":null,"suggested_replacement":null,"suggestion_applicability":null,"expansion":null}],"children":[],"rendered":null}],"rendered":"\u001b[0m\u001b[1m\u001b[38;5;9merror[E0308]\u001b[0m\u001b[0m\u001b[1m: mismatched types\u001b[0m\n\u001b[0m   \u001b[0m\u001b[0m\u001b[1m\u001b[38;5;12m--> \u001b[0m\u001b[0msrc/timestamp.rs:201:8\u001b[0m\n\u001b[0m    \u001b[0m\u001b[0m\u001b[1m\u001b[38;5;12m|\u001b[0m\n\u001b[0m\u001b[1m\u001b[38;5;12m201\u001b[0m\u001b[0m \u001b[0m\u001b[0m\u001b[1m\u001b[38;5;12m|\u001b[0m\u001b[0m \u001b[0m\u001b[0m    Ok(total_days_passed)\u001b[0m\n\u001b[0m    \u001b[0m\u001b[0m\u001b[1m\u001b[38;5;12m| \u001b[0m\u001b[0m    \u001b[0m\u001b[0m\u001b[1m\u001b[38;5;12m--\u001b[0m\u001b[0m \u001b[0m\u001b[0m\u001b[1m\u001b[38;5;9m^^^^^^^^^^^^^^^^^\u001b[0m\u001b[0m \u001b[0m\u001b[0m\u001b[1m\u001b[38;5;9mexpected struct `AssignedCell`, found `()`\u001b[0m\n\u001b[0m    \u001b[0m\u001b[0m\u001b[1m\u001b[38;5;12m| \u001b[0m\u001b[0m    \u001b[0m\u001b[0m\u001b[1m\u001b[38;5;12m|\u001b[0m\n\u001b[0m    \u001b[0m\u001b[0m\u001b[1m\u001b[38;5;12m| \u001b[0m\u001b[0m    \u001b[0m\u001b[0m\u001b[1m\u001b[38;5;12marguments to this enum variant are incorrect\u001b[0m\n\u001b[0m    \u001b[0m\u001b[0m\u001b[1m\u001b[38;5;12m|\u001b[0m\n\u001b[0m    \u001b[0m\u001b[0m\u001b[1m\u001b[38;5;12m= \u001b[0m\u001b[0m\u001b[1mnote\u001b[0m\u001b[0m: expected struct `\u001b[0m\u001b[0m\u001b[1mAssignedCell<F, F>\u001b[0m\u001b[0m`\u001b[0m\n\u001b[0m            found unit type `\u001b[0m\u001b[0m\u001b[1m()\u001b[0m\u001b[0m`\u001b[0m\n\u001b[0m\u001b[1m\u001b[38;5;10mnote\u001b[0m\u001b[0m: tuple variant defined here\u001b[0m\n\u001b[0m   \u001b[0m\u001b[0m\u001b[1m\u001b[38;5;12m--> \u001b[0m\u001b[0m/Users/hridambasu/.rustup/toolchains/nightly-2022-10-28-x86_64-apple-darwin/lib/rustlib/src/rust/library/core/src/result.rs:508:5\u001b[0m\n\u001b[0m    \u001b[0m\u001b[0m\u001b[1m\u001b[38;5;12m|\u001b[0m\n\u001b[0m\u001b[1m\u001b[38;5;12m508\u001b[0m\u001b[0m \u001b[0m\u001b[0m\u001b[1m\u001b[38;5;12m|\u001b[0m\u001b[0m \u001b[0m\u001b[0m    Ok(#[stable(feature = \"rust1\", since = \"1.0.0\")] T),\u001b[0m\n\u001b[0m    \u001b[0m\u001b[0m\u001b[1m\u001b[38;5;12m| \u001b[0m\u001b[0m    \u001b[0m\u001b[0m\u001b[1m\u001b[38;5;10m^^\u001b[0m\n\n"}
{"message":"trait objects must include the `dyn` keyword","code":{"code":"E0782","explanation":"Trait objects must include the `dyn` keyword.\n\nErroneous code example:\n\n```edition2021,compile_fail,E0782\ntrait Foo {}\nfn test(arg: Box<Foo>) {} // error!\n```\n\nTrait objects are a way to call methods on types that are not known until\nruntime but conform to some trait.\n\nTrait objects should be formed with `Box<dyn Foo>`, but in the code above\n`dyn` is left off.\n\nThis makes it harder to see that `arg` is a trait object and not a\nsimply a heap allocated type called `Foo`.\n\nTo fix this issue, add `dyn` before the trait name.\n\n```edition2021\ntrait Foo {}\nfn test(arg: Box<dyn Foo>) {} // ok!\n```\n\nThis used to be allowed before edition 2021, but is now an error.\n"},"level":"error","spans":[{"file_name":"src/nullifier.rs","byte_start":1426,"byte_end":1436,"line_start":42,"line_end":42,"column_start":52,"column_end":62,"is_primary":true,"text":[{"text":"            let absorbing = Absorbing::<PaddedWord<PrimeField>, RATE>::from(input);","highlight_start":52,"highlight_end":62}],"label":null,"suggested_replacement":null,"suggestion_applicability":null,"expansion":null}],"children":[{"message":"add `dyn` keyword before this trait","code":null,"level":"help","spans":[{"file_name":"src/nullifier.rs","byte_start":1426,"byte_end":1426,"line_start":42,"line_end":42,"column_start":52,"column_end":52,"is_primary":true,"text":[{"text":"            let absorbing = Absorbing::<PaddedWord<PrimeField>, RATE>::from(input);","highlight_start":52,"highlight_end":52}],"label":null,"suggested_replacement":"dyn ","suggestion_applicability":"MachineApplicable","expansion":null}],"children":[],"rendered":null}],"rendered":"\u001b[0m\u001b[1m\u001b[38;5;9merror[E0782]\u001b[0m\u001b[0m\u001b[1m: trait objects must include the `dyn` keyword\u001b[0m\n\u001b[0m  \u001b[0m\u001b[0m\u001b[1m\u001b[38;5;12m--> \u001b[0m\u001b[0msrc/nullifier.rs:42:52\u001b[0m\n\u001b[0m   \u001b[0m\u001b[0m\u001b[1m\u001b[38;5;12m|\u001b[0m\n\u001b[0m\u001b[1m\u001b[38;5;12m42\u001b[0m\u001b[0m \u001b[0m\u001b[0m\u001b[1m\u001b[38;5;12m|\u001b[0m\u001b[0m \u001b[0m\u001b[0m            let absorbing = Absorbing::<PaddedWord<PrimeField>, RATE>::from(input);\u001b[0m\n\u001b[0m   \u001b[0m\u001b[0m\u001b[1m\u001b[38;5;12m| \u001b[0m\u001b[0m                                                   \u001b[0m\u001b[0m\u001b[1m\u001b[38;5;9m^^^^^^^^^^\u001b[0m\n\u001b[0m   \u001b[0m\u001b[0m\u001b[1m\u001b[38;5;12m|\u001b[0m\n\u001b[0m\u001b[1m\u001b[38;5;14mhelp\u001b[0m\u001b[0m: add `dyn` keyword before this trait\u001b[0m\n\u001b[0m   \u001b[0m\u001b[0m\u001b[1m\u001b[38;5;12m|\u001b[0m\n\u001b[0m\u001b[1m\u001b[38;5;12m42\u001b[0m\u001b[0m \u001b[0m\u001b[0m\u001b[1m\u001b[38;5;12m| \u001b[0m\u001b[0m            let absorbing = Absorbing::<PaddedWord<\u001b[0m\u001b[0m\u001b[38;5;10mdyn \u001b[0m\u001b[0mPrimeField>, RATE>::from(input);\u001b[0m\n\u001b[0m   \u001b[0m\u001b[0m\u001b[1m\u001b[38;5;12m|\u001b[0m\u001b[0m                                                    \u001b[0m\u001b[0m\u001b[38;5;10m+++\u001b[0m\n\n"}
{"message":"the trait `FieldExt` cannot be made into an object","code":{"code":"E0038","explanation":"For any given trait `Trait` there may be a related _type_ called the _trait\nobject type_ which is typically written as `dyn Trait`. In earlier editions of\nRust, trait object types were written as plain `Trait` (just the name of the\ntrait, written in type positions) but this was a bit too confusing, so we now\nwrite `dyn Trait`.\n\nSome traits are not allowed to be used as trait object types. The traits that\nare allowed to be used as trait object types are called \"object-safe\" traits.\nAttempting to use a trait object type for a trait that is not object-safe will\ntrigger error E0038.\n\nTwo general aspects of trait object types give rise to the restrictions:\n\n  1. Trait object types are dynamically sized types (DSTs), and trait objects of\n     these types can only be accessed through pointers, such as `&dyn Trait` or\n     `Box<dyn Trait>`. The size of such a pointer is known, but the size of the\n     `dyn Trait` object pointed-to by the pointer is _opaque_ to code working\n     with it, and different trait objects with the same trait object type may\n     have different sizes.\n\n  2. The pointer used to access a trait object is paired with an extra pointer\n     to a \"virtual method table\" or \"vtable\", which is used to implement dynamic\n     dispatch to the object's implementations of the trait's methods. There is a\n     single such vtable for each trait implementation, but different trait\n     objects with the same trait object type may point to vtables from different\n     implementations.\n\nThe specific conditions that violate object-safety follow, most of which relate\nto missing size information and vtable polymorphism arising from these aspects.\n\n### The trait requires `Self: Sized`\n\nTraits that are declared as `Trait: Sized` or which otherwise inherit a\nconstraint of `Self:Sized` are not object-safe.\n\nThe reasoning behind this is somewhat subtle. It derives from the fact that Rust\nrequires (and defines) that every trait object type `dyn Trait` automatically\nimplements `Trait`. Rust does this to simplify error reporting and ease\ninteroperation between static and dynamic polymorphism. For example, this code\nworks:\n\n```\ntrait Trait {\n}\n\nfn static_foo<T:Trait + ?Sized>(b: &T) {\n}\n\nfn dynamic_bar(a: &dyn Trait) {\n    static_foo(a)\n}\n```\n\nThis code works because `dyn Trait`, if it exists, always implements `Trait`.\n\nHowever as we know, any `dyn Trait` is also unsized, and so it can never\nimplement a sized trait like `Trait:Sized`. So, rather than allow an exception\nto the rule that `dyn Trait` always implements `Trait`, Rust chooses to prohibit\nsuch a `dyn Trait` from existing at all.\n\nOnly unsized traits are considered object-safe.\n\nGenerally, `Self: Sized` is used to indicate that the trait should not be used\nas a trait object. If the trait comes from your own crate, consider removing\nthis restriction.\n\n### Method references the `Self` type in its parameters or return type\n\nThis happens when a trait has a method like the following:\n\n```\ntrait Trait {\n    fn foo(&self) -> Self;\n}\n\nimpl Trait for String {\n    fn foo(&self) -> Self {\n        \"hi\".to_owned()\n    }\n}\n\nimpl Trait for u8 {\n    fn foo(&self) -> Self {\n        1\n    }\n}\n```\n\n(Note that `&self` and `&mut self` are okay, it's additional `Self` types which\ncause this problem.)\n\nIn such a case, the compiler cannot predict the return type of `foo()` in a\nsituation like the following:\n\n```compile_fail,E0038\ntrait Trait {\n    fn foo(&self) -> Self;\n}\n\nfn call_foo(x: Box<dyn Trait>) {\n    let y = x.foo(); // What type is y?\n    // ...\n}\n```\n\nIf only some methods aren't object-safe, you can add a `where Self: Sized` bound\non them to mark them as explicitly unavailable to trait objects. The\nfunctionality will still be available to all other implementers, including\n`Box<dyn Trait>` which is itself sized (assuming you `impl Trait for Box<dyn\nTrait>`).\n\n```\ntrait Trait {\n    fn foo(&self) -> Self where Self: Sized;\n    // more functions\n}\n```\n\nNow, `foo()` can no longer be called on a trait object, but you will now be\nallowed to make a trait object, and that will be able to call any object-safe\nmethods. With such a bound, one can still call `foo()` on types implementing\nthat trait that aren't behind trait objects.\n\n### Method has generic type parameters\n\nAs mentioned before, trait objects contain pointers to method tables. So, if we\nhave:\n\n```\ntrait Trait {\n    fn foo(&self);\n}\n\nimpl Trait for String {\n    fn foo(&self) {\n        // implementation 1\n    }\n}\n\nimpl Trait for u8 {\n    fn foo(&self) {\n        // implementation 2\n    }\n}\n// ...\n```\n\nAt compile time each implementation of `Trait` will produce a table containing\nthe various methods (and other items) related to the implementation, which will\nbe used as the virtual method table for a `dyn Trait` object derived from that\nimplementation.\n\nThis works fine, but when the method gains generic parameters, we can have a\nproblem.\n\nUsually, generic parameters get _monomorphized_. For example, if I have\n\n```\nfn foo<T>(x: T) {\n    // ...\n}\n```\n\nThe machine code for `foo::<u8>()`, `foo::<bool>()`, `foo::<String>()`, or any\nother type substitution is different. Hence the compiler generates the\nimplementation on-demand. If you call `foo()` with a `bool` parameter, the\ncompiler will only generate code for `foo::<bool>()`. When we have additional\ntype parameters, the number of monomorphized implementations the compiler\ngenerates does not grow drastically, since the compiler will only generate an\nimplementation if the function is called with unparameterized substitutions\n(i.e., substitutions where none of the substituted types are themselves\nparameterized).\n\nHowever, with trait objects we have to make a table containing _every_ object\nthat implements the trait. Now, if it has type parameters, we need to add\nimplementations for every type that implements the trait, and there could\ntheoretically be an infinite number of types.\n\nFor example, with:\n\n```\ntrait Trait {\n    fn foo<T>(&self, on: T);\n    // more methods\n}\n\nimpl Trait for String {\n    fn foo<T>(&self, on: T) {\n        // implementation 1\n    }\n}\n\nimpl Trait for u8 {\n    fn foo<T>(&self, on: T) {\n        // implementation 2\n    }\n}\n\n// 8 more implementations\n```\n\nNow, if we have the following code:\n\n```compile_fail,E0038\n# trait Trait { fn foo<T>(&self, on: T); }\n# impl Trait for String { fn foo<T>(&self, on: T) {} }\n# impl Trait for u8 { fn foo<T>(&self, on: T) {} }\n# impl Trait for bool { fn foo<T>(&self, on: T) {} }\n# // etc.\nfn call_foo(thing: Box<dyn Trait>) {\n    thing.foo(true); // this could be any one of the 8 types above\n    thing.foo(1);\n    thing.foo(\"hello\");\n}\n```\n\nWe don't just need to create a table of all implementations of all methods of\n`Trait`, we need to create such a table, for each different type fed to\n`foo()`. In this case this turns out to be (10 types implementing `Trait`)\\*(3\ntypes being fed to `foo()`) = 30 implementations!\n\nWith real world traits these numbers can grow drastically.\n\nTo fix this, it is suggested to use a `where Self: Sized` bound similar to the\nfix for the sub-error above if you do not intend to call the method with type\nparameters:\n\n```\ntrait Trait {\n    fn foo<T>(&self, on: T) where Self: Sized;\n    // more methods\n}\n```\n\nIf this is not an option, consider replacing the type parameter with another\ntrait object (e.g., if `T: OtherTrait`, use `on: Box<dyn OtherTrait>`). If the\nnumber of types you intend to feed to this method is limited, consider manually\nlisting out the methods of different types.\n\n### Method has no receiver\n\nMethods that do not take a `self` parameter can't be called since there won't be\na way to get a pointer to the method table for them.\n\n```\ntrait Foo {\n    fn foo() -> u8;\n}\n```\n\nThis could be called as `<Foo as Foo>::foo()`, which would not be able to pick\nan implementation.\n\nAdding a `Self: Sized` bound to these methods will generally make this compile.\n\n```\ntrait Foo {\n    fn foo() -> u8 where Self: Sized;\n}\n```\n\n### Trait contains associated constants\n\nJust like static functions, associated constants aren't stored on the method\ntable. If the trait or any subtrait contain an associated constant, they cannot\nbe made into an object.\n\n```compile_fail,E0038\ntrait Foo {\n    const X: i32;\n}\n\nimpl Foo {}\n```\n\nA simple workaround is to use a helper method instead:\n\n```\ntrait Foo {\n    fn x(&self) -> i32;\n}\n```\n\n### Trait uses `Self` as a type parameter in the supertrait listing\n\nThis is similar to the second sub-error, but subtler. It happens in situations\nlike the following:\n\n```compile_fail,E0038\ntrait Super<A: ?Sized> {}\n\ntrait Trait: Super<Self> {\n}\n\nstruct Foo;\n\nimpl Super<Foo> for Foo{}\n\nimpl Trait for Foo {}\n\nfn main() {\n    let x: Box<dyn Trait>;\n}\n```\n\nHere, the supertrait might have methods as follows:\n\n```\ntrait Super<A: ?Sized> {\n    fn get_a(&self) -> &A; // note that this is object safe!\n}\n```\n\nIf the trait `Trait` was deriving from something like `Super<String>` or\n`Super<T>` (where `Foo` itself is `Foo<T>`), this is okay, because given a type\n`get_a()` will definitely return an object of that type.\n\nHowever, if it derives from `Super<Self>`, even though `Super` is object safe,\nthe method `get_a()` would return an object of unknown type when called on the\nfunction. `Self` type parameters let us make object safe traits no longer safe,\nso they are forbidden when specifying supertraits.\n\nThere's no easy fix for this. Generally, code will need to be refactored so that\nyou no longer need to derive from `Super<Self>`.\n"},"level":"error","spans":[{"file_name":"src/nullifier.rs","byte_start":1426,"byte_end":1436,"line_start":42,"line_end":42,"column_start":52,"column_end":62,"is_primary":true,"text":[{"text":"            let absorbing = Absorbing::<PaddedWord<PrimeField>, RATE>::from(input);","highlight_start":52,"highlight_end":62}],"label":"`FieldExt` cannot be made into an object","suggested_replacement":null,"suggestion_applicability":null,"expansion":null}],"children":[{"message":"for a trait to be \"object safe\" it needs to allow building a vtable to allow the call to be resolvable dynamically; for more information visit <https://doc.rust-lang.org/reference/items/traits.html#object-safety>","code":null,"level":"note","spans":[{"file_name":"/Users/hridambasu/.rustup/toolchains/nightly-2022-10-28-x86_64-apple-darwin/lib/rustlib/src/rust/library/core/src/cmp.rs","byte_start":23957,"byte_end":23973,"line_start":763,"line_end":763,"column_start":21,"column_end":37,"is_primary":true,"text":[{"text":"pub trait Ord: Eq + PartialOrd<Self> {","highlight_start":21,"highlight_end":37}],"label":"the trait cannot be made into an object because it uses `Self` as a type parameter","suggested_replacement":null,"suggestion_applicability":null,"expansion":null},{"file_name":"/Users/hridambasu/.rustup/toolchains/nightly-2022-10-28-x86_64-apple-darwin/lib/rustlib/src/rust/library/core/src/cmp.rs","byte_start":9309,"byte_end":9324,"line_start":283,"line_end":283,"column_start":15,"column_end":30,"is_primary":true,"text":[{"text":"pub trait Eq: PartialEq<Self> {","highlight_start":15,"highlight_end":30}],"label":"the trait cannot be made into an object because it uses `Self` as a type parameter","suggested_replacement":null,"suggestion_applicability":null,"expansion":null},{"file_name":"/Users/hridambasu/.cargo/registry/src/github.com-1ecc6299db9ec823/ff-0.12.1/src/lib.rs","byte_start":1175,"byte_end":1193,"line_start":48,"line_end":48,"column_start":7,"column_end":25,"is_primary":true,"text":[{"text":"    + Add<Output = Self>","highlight_start":7,"highlight_end":25}],"label":"the trait cannot be made into an object because it uses `Self` as a type parameter","suggested_replacement":null,"suggestion_applicability":null,"expansion":null},{"file_name":"/Users/hridambasu/.cargo/registry/src/github.com-1ecc6299db9ec823/ff-0.12.1/src/lib.rs","byte_start":1200,"byte_end":1218,"line_start":49,"line_end":49,"column_start":7,"column_end":25,"is_primary":true,"text":[{"text":"    + Sub<Output = Self>","highlight_start":7,"highlight_end":25}],"label":"the trait cannot be made into an object because it uses `Self` as a type parameter","suggested_replacement":null,"suggestion_applicability":null,"expansion":null},{"file_name":"/Users/hridambasu/.cargo/registry/src/github.com-1ecc6299db9ec823/ff-0.12.1/src/lib.rs","byte_start":1225,"byte_end":1243,"line_start":50,"line_end":50,"column_start":7,"column_end":25,"is_primary":true,"text":[{"text":"    + Mul<Output = Self>","highlight_start":7,"highlight_end":25}],"label":"the trait cannot be made into an object because it uses `Self` as a type parameter","suggested_replacement":null,"suggestion_applicability":null,"expansion":null},{"file_name":"/Users/hridambasu/.cargo/registry/src/github.com-1ecc6299db9ec823/ff-0.12.1/src/lib.rs","byte_start":1275,"byte_end":1311,"line_start":52,"line_end":52,"column_start":7,"column_end":43,"is_primary":true,"text":[{"text":"    + for<'a> Add<&'a Self, Output = Self>","highlight_start":7,"highlight_end":43}],"label":"the trait cannot be made into an object because it uses `Self` as a type parameter","suggested_replacement":null,"suggestion_applicability":null,"expansion":null},{"file_name":"/Users/hridambasu/.cargo/registry/src/github.com-1ecc6299db9ec823/ff-0.12.1/src/lib.rs","byte_start":1318,"byte_end":1354,"line_start":53,"line_end":53,"column_start":7,"column_end":43,"is_primary":true,"text":[{"text":"    + for<'a> Mul<&'a Self, Output = Self>","highlight_start":7,"highlight_end":43}],"label":"the trait cannot be made into an object because it uses `Self` as a type parameter","suggested_replacement":null,"suggestion_applicability":null,"expansion":null},{"file_name":"/Users/hridambasu/.cargo/registry/src/github.com-1ecc6299db9ec823/ff-0.12.1/src/lib.rs","byte_start":1361,"byte_end":1397,"line_start":54,"line_end":54,"column_start":7,"column_end":43,"is_primary":true,"text":[{"text":"    + for<'a> Sub<&'a Self, Output = Self>","highlight_start":7,"highlight_end":43}],"label":"the trait cannot be made into an object because it uses `Self` as a type parameter","suggested_replacement":null,"suggestion_applicability":null,"expansion":null},{"file_name":"/Users/hridambasu/.cargo/registry/src/github.com-1ecc6299db9ec823/ff-0.12.1/src/lib.rs","byte_start":1404,"byte_end":1413,"line_start":55,"line_end":55,"column_start":7,"column_end":16,"is_primary":true,"text":[{"text":"    + MulAssign","highlight_start":7,"highlight_end":16}],"label":"the trait cannot be made into an object because it uses `Self` as a type parameter","suggested_replacement":null,"suggestion_applicability":null,"expansion":null},{"file_name":"/Users/hridambasu/.cargo/registry/src/github.com-1ecc6299db9ec823/ff-0.12.1/src/lib.rs","byte_start":1420,"byte_end":1429,"line_start":56,"line_end":56,"column_start":7,"column_end":16,"is_primary":true,"text":[{"text":"    + AddAssign","highlight_start":7,"highlight_end":16}],"label":"the trait cannot be made into an object because it uses `Self` as a type parameter","suggested_replacement":null,"suggestion_applicability":null,"expansion":null},{"file_name":"/Users/hridambasu/.cargo/registry/src/github.com-1ecc6299db9ec823/ff-0.12.1/src/lib.rs","byte_start":1436,"byte_end":1445,"line_start":57,"line_end":57,"column_start":7,"column_end":16,"is_primary":true,"text":[{"text":"    + SubAssign","highlight_start":7,"highlight_end":16}],"label":"the trait cannot be made into an object because it uses `Self` as a type parameter","suggested_replacement":null,"suggestion_applicability":null,"expansion":null},{"file_name":"/Users/hridambasu/.cargo/registry/src/github.com-1ecc6299db9ec823/ff-0.12.1/src/lib.rs","byte_start":1452,"byte_end":1479,"line_start":58,"line_end":58,"column_start":7,"column_end":34,"is_primary":true,"text":[{"text":"    + for<'a> MulAssign<&'a Self>","highlight_start":7,"highlight_end":34}],"label":"the trait cannot be made into an object because it uses `Self` as a type parameter","suggested_replacement":null,"suggestion_applicability":null,"expansion":null},{"file_name":"/Users/hridambasu/.cargo/registry/src/github.com-1ecc6299db9ec823/ff-0.12.1/src/lib.rs","byte_start":1486,"byte_end":1513,"line_start":59,"line_end":59,"column_start":7,"column_end":34,"is_primary":true,"text":[{"text":"    + for<'a> AddAssign<&'a Self>","highlight_start":7,"highlight_end":34}],"label":"the trait cannot be made into an object because it uses `Self` as a type parameter","suggested_replacement":null,"suggestion_applicability":null,"expansion":null},{"file_name":"/Users/hridambasu/.cargo/registry/src/github.com-1ecc6299db9ec823/ff-0.12.1/src/lib.rs","byte_start":1520,"byte_end":1547,"line_start":60,"line_end":60,"column_start":7,"column_end":34,"is_primary":true,"text":[{"text":"    + for<'a> SubAssign<&'a Self>","highlight_start":7,"highlight_end":34}],"label":"the trait cannot be made into an object because it uses `Self` as a type parameter","suggested_replacement":null,"suggestion_applicability":null,"expansion":null},{"file_name":"/Users/hridambasu/.cargo/registry/src/github.com-1ecc6299db9ec823/ff-0.12.1/src/lib.rs","byte_start":1179,"byte_end":1192,"line_start":48,"line_end":48,"column_start":11,"column_end":24,"is_primary":true,"text":[{"text":"    + Add<Output = Self>","highlight_start":11,"highlight_end":24}],"label":"the trait cannot be made into an object because it uses `Self` as a type parameter","suggested_replacement":null,"suggestion_applicability":null,"expansion":null},{"file_name":"/Users/hridambasu/.cargo/registry/src/github.com-1ecc6299db9ec823/ff-0.12.1/src/lib.rs","byte_start":1204,"byte_end":1217,"line_start":49,"line_end":49,"column_start":11,"column_end":24,"is_primary":true,"text":[{"text":"    + Sub<Output = Self>","highlight_start":11,"highlight_end":24}],"label":"the trait cannot be made into an object because it uses `Self` as a type parameter","suggested_replacement":null,"suggestion_applicability":null,"expansion":null},{"file_name":"/Users/hridambasu/.cargo/registry/src/github.com-1ecc6299db9ec823/ff-0.12.1/src/lib.rs","byte_start":1229,"byte_end":1242,"line_start":50,"line_end":50,"column_start":11,"column_end":24,"is_primary":true,"text":[{"text":"    + Mul<Output = Self>","highlight_start":11,"highlight_end":24}],"label":"the trait cannot be made into an object because it uses `Self` as a type parameter","suggested_replacement":null,"suggestion_applicability":null,"expansion":null},{"file_name":"/Users/hridambasu/.cargo/registry/src/github.com-1ecc6299db9ec823/ff-0.12.1/src/lib.rs","byte_start":1297,"byte_end":1310,"line_start":52,"line_end":52,"column_start":29,"column_end":42,"is_primary":true,"text":[{"text":"    + for<'a> Add<&'a Self, Output = Self>","highlight_start":29,"highlight_end":42}],"label":"the trait cannot be made into an object because it uses `Self` as a type parameter","suggested_replacement":null,"suggestion_applicability":null,"expansion":null},{"file_name":"/Users/hridambasu/.cargo/registry/src/github.com-1ecc6299db9ec823/ff-0.12.1/src/lib.rs","byte_start":1340,"byte_end":1353,"line_start":53,"line_end":53,"column_start":29,"column_end":42,"is_primary":true,"text":[{"text":"    + for<'a> Mul<&'a Self, Output = Self>","highlight_start":29,"highlight_end":42}],"label":"the trait cannot be made into an object because it uses `Self` as a type parameter","suggested_replacement":null,"suggestion_applicability":null,"expansion":null},{"file_name":"/Users/hridambasu/.cargo/registry/src/github.com-1ecc6299db9ec823/ff-0.12.1/src/lib.rs","byte_start":1383,"byte_end":1396,"line_start":54,"line_end":54,"column_start":29,"column_end":42,"is_primary":true,"text":[{"text":"    + for<'a> Sub<&'a Self, Output = Self>","highlight_start":29,"highlight_end":42}],"label":"the trait cannot be made into an object because it uses `Self` as a type parameter","suggested_replacement":null,"suggestion_applicability":null,"expansion":null}],"children":[],"rendered":null}],"rendered":"\u001b[0m\u001b[1m\u001b[38;5;9merror[E0038]\u001b[0m\u001b[0m\u001b[1m: the trait `FieldExt` cannot be made into an object\u001b[0m\n\u001b[0m   \u001b[0m\u001b[0m\u001b[1m\u001b[38;5;12m--> \u001b[0m\u001b[0msrc/nullifier.rs:42:52\u001b[0m\n\u001b[0m    \u001b[0m\u001b[0m\u001b[1m\u001b[38;5;12m|\u001b[0m\n\u001b[0m\u001b[1m\u001b[38;5;12m42\u001b[0m\u001b[0m  \u001b[0m\u001b[0m\u001b[1m\u001b[38;5;12m|\u001b[0m\u001b[0m \u001b[0m\u001b[0m            let absorbing = Absorbing::<PaddedWord<PrimeField>, RATE>::from(input);\u001b[0m\n\u001b[0m    \u001b[0m\u001b[0m\u001b[1m\u001b[38;5;12m| \u001b[0m\u001b[0m                                                   \u001b[0m\u001b[0m\u001b[1m\u001b[38;5;9m^^^^^^^^^^\u001b[0m\u001b[0m \u001b[0m\u001b[0m\u001b[1m\u001b[38;5;9m`FieldExt` cannot be made into an object\u001b[0m\n\u001b[0m    \u001b[0m\u001b[0m\u001b[1m\u001b[38;5;12m|\u001b[0m\n\u001b[0m\u001b[1m\u001b[38;5;10mnote\u001b[0m\u001b[0m: for a trait to be \"object safe\" it needs to allow building a vtable to allow the call to be resolvable dynamically; for more information visit <https://doc.rust-lang.org/reference/items/traits.html#object-safety>\u001b[0m\n\u001b[0m   \u001b[0m\u001b[0m\u001b[1m\u001b[38;5;12m--> \u001b[0m\u001b[0m/Users/hridambasu/.cargo/registry/src/github.com-1ecc6299db9ec823/ff-0.12.1/src/lib.rs:48:7\u001b[0m\n\u001b[0m    \u001b[0m\u001b[0m\u001b[1m\u001b[38;5;12m|\u001b[0m\n\u001b[0m\u001b[1m\u001b[38;5;12m48\u001b[0m\u001b[0m  \u001b[0m\u001b[0m\u001b[1m\u001b[38;5;12m|\u001b[0m\u001b[0m \u001b[0m\u001b[0m    + Add<Output = Self>\u001b[0m\n\u001b[0m    \u001b[0m\u001b[0m\u001b[1m\u001b[38;5;12m| \u001b[0m\u001b[0m      \u001b[0m\u001b[0m\u001b[1m\u001b[38;5;10m^^^^^^^^^^^^^^^^^^\u001b[0m\n\u001b[0m    \u001b[0m\u001b[0m\u001b[1m\u001b[38;5;12m| \u001b[0m\u001b[0m      \u001b[0m\u001b[0m\u001b[1m\u001b[38;5;10m|\u001b[0m\u001b[0m   \u001b[0m\u001b[0m\u001b[1m\u001b[38;5;10m|\u001b[0m\n\u001b[0m    \u001b[0m\u001b[0m\u001b[1m\u001b[38;5;12m| \u001b[0m\u001b[0m      \u001b[0m\u001b[0m\u001b[1m\u001b[38;5;10m|\u001b[0m\u001b[0m   \u001b[0m\u001b[0m\u001b[1m\u001b[38;5;10mthe trait cannot be made into an object because it uses `Self` as a type parameter\u001b[0m\n\u001b[0m    \u001b[0m\u001b[0m\u001b[1m\u001b[38;5;12m| \u001b[0m\u001b[0m      \u001b[0m\u001b[0m\u001b[1m\u001b[38;5;10mthe trait cannot be made into an object because it uses `Self` as a type parameter\u001b[0m\n\u001b[0m\u001b[1m\u001b[38;5;12m49\u001b[0m\u001b[0m  \u001b[0m\u001b[0m\u001b[1m\u001b[38;5;12m|\u001b[0m\u001b[0m \u001b[0m\u001b[0m    + Sub<Output = Self>\u001b[0m\n\u001b[0m    \u001b[0m\u001b[0m\u001b[1m\u001b[38;5;12m| \u001b[0m\u001b[0m      \u001b[0m\u001b[0m\u001b[1m\u001b[38;5;10m^^^^^^^^^^^^^^^^^^\u001b[0m\n\u001b[0m    \u001b[0m\u001b[0m\u001b[1m\u001b[38;5;12m| \u001b[0m\u001b[0m      \u001b[0m\u001b[0m\u001b[1m\u001b[38;5;10m|\u001b[0m\u001b[0m   \u001b[0m\u001b[0m\u001b[1m\u001b[38;5;10m|\u001b[0m\n\u001b[0m    \u001b[0m\u001b[0m\u001b[1m\u001b[38;5;12m| \u001b[0m\u001b[0m      \u001b[0m\u001b[0m\u001b[1m\u001b[38;5;10m|\u001b[0m\u001b[0m   \u001b[0m\u001b[0m\u001b[1m\u001b[38;5;10mthe trait cannot be made into an object because it uses `Self` as a type parameter\u001b[0m\n\u001b[0m    \u001b[0m\u001b[0m\u001b[1m\u001b[38;5;12m| \u001b[0m\u001b[0m      \u001b[0m\u001b[0m\u001b[1m\u001b[38;5;10mthe trait cannot be made into an object because it uses `Self` as a type parameter\u001b[0m\n\u001b[0m\u001b[1m\u001b[38;5;12m50\u001b[0m\u001b[0m  \u001b[0m\u001b[0m\u001b[1m\u001b[38;5;12m|\u001b[0m\u001b[0m \u001b[0m\u001b[0m    + Mul<Output = Self>\u001b[0m\n\u001b[0m    \u001b[0m\u001b[0m\u001b[1m\u001b[38;5;12m| \u001b[0m\u001b[0m      \u001b[0m\u001b[0m\u001b[1m\u001b[38;5;10m^^^^^^^^^^^^^^^^^^\u001b[0m\n\u001b[0m    \u001b[0m\u001b[0m\u001b[1m\u001b[38;5;12m| \u001b[0m\u001b[0m      \u001b[0m\u001b[0m\u001b[1m\u001b[38;5;10m|\u001b[0m\u001b[0m   \u001b[0m\u001b[0m\u001b[1m\u001b[38;5;10m|\u001b[0m\n\u001b[0m    \u001b[0m\u001b[0m\u001b[1m\u001b[38;5;12m| \u001b[0m\u001b[0m      \u001b[0m\u001b[0m\u001b[1m\u001b[38;5;10m|\u001b[0m\u001b[0m   \u001b[0m\u001b[0m\u001b[1m\u001b[38;5;10mthe trait cannot be made into an object because it uses `Self` as a type parameter\u001b[0m\n\u001b[0m    \u001b[0m\u001b[0m\u001b[1m\u001b[38;5;12m| \u001b[0m\u001b[0m      \u001b[0m\u001b[0m\u001b[1m\u001b[38;5;10mthe trait cannot be made into an object because it uses `Self` as a type parameter\u001b[0m\n\u001b[0m\u001b[1m\u001b[38;5;12m51\u001b[0m\u001b[0m  \u001b[0m\u001b[0m\u001b[1m\u001b[38;5;12m|\u001b[0m\u001b[0m \u001b[0m\u001b[0m    + Neg<Output = Self>\u001b[0m\n\u001b[0m\u001b[1m\u001b[38;5;12m52\u001b[0m\u001b[0m  \u001b[0m\u001b[0m\u001b[1m\u001b[38;5;12m|\u001b[0m\u001b[0m \u001b[0m\u001b[0m    + for<'a> Add<&'a Self, Output = Self>\u001b[0m\n\u001b[0m    \u001b[0m\u001b[0m\u001b[1m\u001b[38;5;12m| \u001b[0m\u001b[0m      \u001b[0m\u001b[0m\u001b[1m\u001b[38;5;10m^^^^^^^^^^^^^^^^^^^^^^^^^^^^^^^^^^^^\u001b[0m\n\u001b[0m    \u001b[0m\u001b[0m\u001b[1m\u001b[38;5;12m| \u001b[0m\u001b[0m      \u001b[0m\u001b[0m\u001b[1m\u001b[38;5;10m|\u001b[0m\u001b[0m                     \u001b[0m\u001b[0m\u001b[1m\u001b[38;5;10m|\u001b[0m\n\u001b[0m    \u001b[0m\u001b[0m\u001b[1m\u001b[38;5;12m| \u001b[0m\u001b[0m      \u001b[0m\u001b[0m\u001b[1m\u001b[38;5;10m|\u001b[0m\u001b[0m                     \u001b[0m\u001b[0m\u001b[1m\u001b[38;5;10mthe trait cannot be made into an object because it uses `Self` as a type parameter\u001b[0m\n\u001b[0m    \u001b[0m\u001b[0m\u001b[1m\u001b[38;5;12m| \u001b[0m\u001b[0m      \u001b[0m\u001b[0m\u001b[1m\u001b[38;5;10mthe trait cannot be made into an object because it uses `Self` as a type parameter\u001b[0m\n\u001b[0m\u001b[1m\u001b[38;5;12m53\u001b[0m\u001b[0m  \u001b[0m\u001b[0m\u001b[1m\u001b[38;5;12m|\u001b[0m\u001b[0m \u001b[0m\u001b[0m    + for<'a> Mul<&'a Self, Output = Self>\u001b[0m\n\u001b[0m    \u001b[0m\u001b[0m\u001b[1m\u001b[38;5;12m| \u001b[0m\u001b[0m      \u001b[0m\u001b[0m\u001b[1m\u001b[38;5;10m^^^^^^^^^^^^^^^^^^^^^^^^^^^^^^^^^^^^\u001b[0m\n\u001b[0m    \u001b[0m\u001b[0m\u001b[1m\u001b[38;5;12m| \u001b[0m\u001b[0m      \u001b[0m\u001b[0m\u001b[1m\u001b[38;5;10m|\u001b[0m\u001b[0m                     \u001b[0m\u001b[0m\u001b[1m\u001b[38;5;10m|\u001b[0m\n\u001b[0m    \u001b[0m\u001b[0m\u001b[1m\u001b[38;5;12m| \u001b[0m\u001b[0m      \u001b[0m\u001b[0m\u001b[1m\u001b[38;5;10m|\u001b[0m\u001b[0m                     \u001b[0m\u001b[0m\u001b[1m\u001b[38;5;10mthe trait cannot be made into an object because it uses `Self` as a type parameter\u001b[0m\n\u001b[0m    \u001b[0m\u001b[0m\u001b[1m\u001b[38;5;12m| \u001b[0m\u001b[0m      \u001b[0m\u001b[0m\u001b[1m\u001b[38;5;10mthe trait cannot be made into an object because it uses `Self` as a type parameter\u001b[0m\n\u001b[0m\u001b[1m\u001b[38;5;12m54\u001b[0m\u001b[0m  \u001b[0m\u001b[0m\u001b[1m\u001b[38;5;12m|\u001b[0m\u001b[0m \u001b[0m\u001b[0m    + for<'a> Sub<&'a Self, Output = Self>\u001b[0m\n\u001b[0m    \u001b[0m\u001b[0m\u001b[1m\u001b[38;5;12m| \u001b[0m\u001b[0m      \u001b[0m\u001b[0m\u001b[1m\u001b[38;5;10m^^^^^^^^^^^^^^^^^^^^^^^^^^^^^^^^^^^^\u001b[0m\n\u001b[0m    \u001b[0m\u001b[0m\u001b[1m\u001b[38;5;12m| \u001b[0m\u001b[0m      \u001b[0m\u001b[0m\u001b[1m\u001b[38;5;10m|\u001b[0m\u001b[0m                     \u001b[0m\u001b[0m\u001b[1m\u001b[38;5;10m|\u001b[0m\n\u001b[0m    \u001b[0m\u001b[0m\u001b[1m\u001b[38;5;12m| \u001b[0m\u001b[0m      \u001b[0m\u001b[0m\u001b[1m\u001b[38;5;10m|\u001b[0m\u001b[0m                     \u001b[0m\u001b[0m\u001b[1m\u001b[38;5;10mthe trait cannot be made into an object because it uses `Self` as a type parameter\u001b[0m\n\u001b[0m    \u001b[0m\u001b[0m\u001b[1m\u001b[38;5;12m| \u001b[0m\u001b[0m      \u001b[0m\u001b[0m\u001b[1m\u001b[38;5;10mthe trait cannot be made into an object because it uses `Self` as a type parameter\u001b[0m\n\u001b[0m\u001b[1m\u001b[38;5;12m55\u001b[0m\u001b[0m  \u001b[0m\u001b[0m\u001b[1m\u001b[38;5;12m|\u001b[0m\u001b[0m \u001b[0m\u001b[0m    + MulAssign\u001b[0m\n\u001b[0m    \u001b[0m\u001b[0m\u001b[1m\u001b[38;5;12m| \u001b[0m\u001b[0m      \u001b[0m\u001b[0m\u001b[1m\u001b[38;5;10m^^^^^^^^^\u001b[0m\u001b[0m \u001b[0m\u001b[0m\u001b[1m\u001b[38;5;10mthe trait cannot be made into an object because it uses `Self` as a type parameter\u001b[0m\n\u001b[0m\u001b[1m\u001b[38;5;12m56\u001b[0m\u001b[0m  \u001b[0m\u001b[0m\u001b[1m\u001b[38;5;12m|\u001b[0m\u001b[0m \u001b[0m\u001b[0m    + AddAssign\u001b[0m\n\u001b[0m    \u001b[0m\u001b[0m\u001b[1m\u001b[38;5;12m| \u001b[0m\u001b[0m      \u001b[0m\u001b[0m\u001b[1m\u001b[38;5;10m^^^^^^^^^\u001b[0m\u001b[0m \u001b[0m\u001b[0m\u001b[1m\u001b[38;5;10mthe trait cannot be made into an object because it uses `Self` as a type parameter\u001b[0m\n\u001b[0m\u001b[1m\u001b[38;5;12m57\u001b[0m\u001b[0m  \u001b[0m\u001b[0m\u001b[1m\u001b[38;5;12m|\u001b[0m\u001b[0m \u001b[0m\u001b[0m    + SubAssign\u001b[0m\n\u001b[0m    \u001b[0m\u001b[0m\u001b[1m\u001b[38;5;12m| \u001b[0m\u001b[0m      \u001b[0m\u001b[0m\u001b[1m\u001b[38;5;10m^^^^^^^^^\u001b[0m\u001b[0m \u001b[0m\u001b[0m\u001b[1m\u001b[38;5;10mthe trait cannot be made into an object because it uses `Self` as a type parameter\u001b[0m\n\u001b[0m\u001b[1m\u001b[38;5;12m58\u001b[0m\u001b[0m  \u001b[0m\u001b[0m\u001b[1m\u001b[38;5;12m|\u001b[0m\u001b[0m \u001b[0m\u001b[0m    + for<'a> MulAssign<&'a Self>\u001b[0m\n\u001b[0m    \u001b[0m\u001b[0m\u001b[1m\u001b[38;5;12m| \u001b[0m\u001b[0m      \u001b[0m\u001b[0m\u001b[1m\u001b[38;5;10m^^^^^^^^^^^^^^^^^^^^^^^^^^^\u001b[0m\u001b[0m \u001b[0m\u001b[0m\u001b[1m\u001b[38;5;10mthe trait cannot be made into an object because it uses `Self` as a type parameter\u001b[0m\n\u001b[0m\u001b[1m\u001b[38;5;12m59\u001b[0m\u001b[0m  \u001b[0m\u001b[0m\u001b[1m\u001b[38;5;12m|\u001b[0m\u001b[0m \u001b[0m\u001b[0m    + for<'a> AddAssign<&'a Self>\u001b[0m\n\u001b[0m    \u001b[0m\u001b[0m\u001b[1m\u001b[38;5;12m| \u001b[0m\u001b[0m      \u001b[0m\u001b[0m\u001b[1m\u001b[38;5;10m^^^^^^^^^^^^^^^^^^^^^^^^^^^\u001b[0m\u001b[0m \u001b[0m\u001b[0m\u001b[1m\u001b[38;5;10mthe trait cannot be made into an object because it uses `Self` as a type parameter\u001b[0m\n\u001b[0m\u001b[1m\u001b[38;5;12m60\u001b[0m\u001b[0m  \u001b[0m\u001b[0m\u001b[1m\u001b[38;5;12m|\u001b[0m\u001b[0m \u001b[0m\u001b[0m    + for<'a> SubAssign<&'a Self>\u001b[0m\n\u001b[0m    \u001b[0m\u001b[0m\u001b[1m\u001b[38;5;12m| \u001b[0m\u001b[0m      \u001b[0m\u001b[0m\u001b[1m\u001b[38;5;10m^^^^^^^^^^^^^^^^^^^^^^^^^^^\u001b[0m\u001b[0m \u001b[0m\u001b[0m\u001b[1m\u001b[38;5;10mthe trait cannot be made into an object because it uses `Self` as a type parameter\u001b[0m\n\u001b[0m    \u001b[0m\u001b[0m\u001b[1m\u001b[38;5;12m|\u001b[0m\n\u001b[0m   \u001b[0m\u001b[0m\u001b[1m\u001b[38;5;12m::: \u001b[0m\u001b[0m/Users/hridambasu/.rustup/toolchains/nightly-2022-10-28-x86_64-apple-darwin/lib/rustlib/src/rust/library/core/src/cmp.rs:283:15\u001b[0m\n\u001b[0m    \u001b[0m\u001b[0m\u001b[1m\u001b[38;5;12m|\u001b[0m\n\u001b[0m\u001b[1m\u001b[38;5;12m283\u001b[0m\u001b[0m \u001b[0m\u001b[0m\u001b[1m\u001b[38;5;12m|\u001b[0m\u001b[0m \u001b[0m\u001b[0mpub trait Eq: PartialEq<Self> {\u001b[0m\n\u001b[0m    \u001b[0m\u001b[0m\u001b[1m\u001b[38;5;12m| \u001b[0m\u001b[0m              \u001b[0m\u001b[0m\u001b[1m\u001b[38;5;10m^^^^^^^^^^^^^^^\u001b[0m\u001b[0m \u001b[0m\u001b[0m\u001b[1m\u001b[38;5;10mthe trait cannot be made into an object because it uses `Self` as a type parameter\u001b[0m\n\u001b[0m\u001b[1m\u001b[38;5;12m...\u001b[0m\n\u001b[0m\u001b[1m\u001b[38;5;12m763\u001b[0m\u001b[0m \u001b[0m\u001b[0m\u001b[1m\u001b[38;5;12m|\u001b[0m\u001b[0m \u001b[0m\u001b[0mpub trait Ord: Eq + PartialOrd<Self> {\u001b[0m\n\u001b[0m    \u001b[0m\u001b[0m\u001b[1m\u001b[38;5;12m| \u001b[0m\u001b[0m                    \u001b[0m\u001b[0m\u001b[1m\u001b[38;5;10m^^^^^^^^^^^^^^^^\u001b[0m\u001b[0m \u001b[0m\u001b[0m\u001b[1m\u001b[38;5;10mthe trait cannot be made into an object because it uses `Self` as a type parameter\u001b[0m\n\n"}
{"message":"unresolved item provided when a constant was expected","code":{"code":"E0747","explanation":"Generic arguments were not provided in the same order as the corresponding\ngeneric parameters are declared.\n\nErroneous code example:\n\n```compile_fail,E0747\nstruct S<'a, T>(&'a T);\n\ntype X = S<(), 'static>; // error: the type argument is provided before the\n                         // lifetime argument\n```\n\nThe argument order should be changed to match the parameter declaration\norder, as in the following:\n\n```\nstruct S<'a, T>(&'a T);\n\ntype X = S<'static, ()>; // ok\n```\n"},"level":"error","spans":[{"file_name":"src/nullifier.rs","byte_start":1439,"byte_end":1443,"line_start":42,"line_end":42,"column_start":65,"column_end":69,"is_primary":true,"text":[{"text":"            let absorbing = Absorbing::<PaddedWord<PrimeField>, RATE>::from(input);","highlight_start":65,"highlight_end":69}],"label":null,"suggested_replacement":null,"suggestion_applicability":null,"expansion":null}],"children":[{"message":"if this generic argument was intended as a const parameter, surround it with braces","code":null,"level":"help","spans":[{"file_name":"src/nullifier.rs","byte_start":1439,"byte_end":1439,"line_start":42,"line_end":42,"column_start":65,"column_end":65,"is_primary":true,"text":[{"text":"            let absorbing = Absorbing::<PaddedWord<PrimeField>, RATE>::from(input);","highlight_start":65,"highlight_end":65}],"label":null,"suggested_replacement":"{ ","suggestion_applicability":"MaybeIncorrect","expansion":null},{"file_name":"src/nullifier.rs","byte_start":1443,"byte_end":1443,"line_start":42,"line_end":42,"column_start":69,"column_end":69,"is_primary":true,"text":[{"text":"            let absorbing = Absorbing::<PaddedWord<PrimeField>, RATE>::from(input);","highlight_start":69,"highlight_end":69}],"label":null,"suggested_replacement":" }","suggestion_applicability":"MaybeIncorrect","expansion":null}],"children":[],"rendered":null}],"rendered":"\u001b[0m\u001b[1m\u001b[38;5;9merror[E0747]\u001b[0m\u001b[0m\u001b[1m: unresolved item provided when a constant was expected\u001b[0m\n\u001b[0m  \u001b[0m\u001b[0m\u001b[1m\u001b[38;5;12m--> \u001b[0m\u001b[0msrc/nullifier.rs:42:65\u001b[0m\n\u001b[0m   \u001b[0m\u001b[0m\u001b[1m\u001b[38;5;12m|\u001b[0m\n\u001b[0m\u001b[1m\u001b[38;5;12m42\u001b[0m\u001b[0m \u001b[0m\u001b[0m\u001b[1m\u001b[38;5;12m|\u001b[0m\u001b[0m \u001b[0m\u001b[0m            let absorbing = Absorbing::<PaddedWord<PrimeField>, RATE>::from(input);\u001b[0m\n\u001b[0m   \u001b[0m\u001b[0m\u001b[1m\u001b[38;5;12m| \u001b[0m\u001b[0m                                                                \u001b[0m\u001b[0m\u001b[1m\u001b[38;5;9m^^^^\u001b[0m\n\u001b[0m   \u001b[0m\u001b[0m\u001b[1m\u001b[38;5;12m|\u001b[0m\n\u001b[0m\u001b[1m\u001b[38;5;14mhelp\u001b[0m\u001b[0m: if this generic argument was intended as a const parameter, surround it with braces\u001b[0m\n\u001b[0m   \u001b[0m\u001b[0m\u001b[1m\u001b[38;5;12m|\u001b[0m\n\u001b[0m\u001b[1m\u001b[38;5;12m42\u001b[0m\u001b[0m \u001b[0m\u001b[0m\u001b[1m\u001b[38;5;12m| \u001b[0m\u001b[0m            let absorbing = Absorbing::<PaddedWord<PrimeField>, \u001b[0m\u001b[0m\u001b[38;5;10m{ \u001b[0m\u001b[0mRATE\u001b[0m\u001b[0m\u001b[38;5;10m }\u001b[0m\u001b[0m>::from(input);\u001b[0m\n\u001b[0m   \u001b[0m\u001b[0m\u001b[1m\u001b[38;5;12m|\u001b[0m\u001b[0m                                                                 \u001b[0m\u001b[0m\u001b[38;5;10m+\u001b[0m\u001b[0m      \u001b[0m\u001b[0m\u001b[38;5;10m+\u001b[0m\n\n"}
{"message":"cannot find function `poseidon_sponge` in this scope","code":{"code":"E0425","explanation":"An unresolved name was used.\n\nErroneous code examples:\n\n```compile_fail,E0425\nsomething_that_doesnt_exist::foo;\n// error: unresolved name `something_that_doesnt_exist::foo`\n\n// or:\n\ntrait Foo {\n    fn bar() {\n        Self; // error: unresolved name `Self`\n    }\n}\n\n// or:\n\nlet x = unknown_variable;  // error: unresolved name `unknown_variable`\n```\n\nPlease verify that the name wasn't misspelled and ensure that the\nidentifier being referred to is valid for the given situation. Example:\n\n```\nenum something_that_does_exist {\n    Foo,\n}\n```\n\nOr:\n\n```\nmod something_that_does_exist {\n    pub static foo : i32 = 0i32;\n}\n\nsomething_that_does_exist::foo; // ok!\n```\n\nOr:\n\n```\nlet unknown_variable = 12u32;\nlet x = unknown_variable; // ok!\n```\n\nIf the item is not defined in the current module, it must be imported using a\n`use` statement, like so:\n\n```\n# mod foo { pub fn bar() {} }\n# fn main() {\nuse foo::bar;\nbar();\n# }\n```\n\nIf the item you are importing is not defined in some super-module of the\ncurrent module, then it must also be declared as public (e.g., `pub fn`).\n"},"level":"error","spans":[{"file_name":"src/nullifier.rs","byte_start":1471,"byte_end":1486,"line_start":43,"line_end":43,"column_start":13,"column_end":28,"is_primary":true,"text":[{"text":"            poseidon_sponge(&chip, &mut layouter, &mut state_first, Some(&absorbing))?","highlight_start":13,"highlight_end":28}],"label":"not found in this scope","suggested_replacement":null,"suggestion_applicability":null,"expansion":null}],"children":[],"rendered":"\u001b[0m\u001b[1m\u001b[38;5;9merror[E0425]\u001b[0m\u001b[0m\u001b[1m: cannot find function `poseidon_sponge` in this scope\u001b[0m\n\u001b[0m  \u001b[0m\u001b[0m\u001b[1m\u001b[38;5;12m--> \u001b[0m\u001b[0msrc/nullifier.rs:43:13\u001b[0m\n\u001b[0m   \u001b[0m\u001b[0m\u001b[1m\u001b[38;5;12m|\u001b[0m\n\u001b[0m\u001b[1m\u001b[38;5;12m43\u001b[0m\u001b[0m \u001b[0m\u001b[0m\u001b[1m\u001b[38;5;12m|\u001b[0m\u001b[0m \u001b[0m\u001b[0m            poseidon_sponge(&chip, &mut layouter, &mut state_first, Some(&absorbing))?\u001b[0m\n\u001b[0m   \u001b[0m\u001b[0m\u001b[1m\u001b[38;5;12m| \u001b[0m\u001b[0m            \u001b[0m\u001b[0m\u001b[1m\u001b[38;5;9m^^^^^^^^^^^^^^^\u001b[0m\u001b[0m \u001b[0m\u001b[0m\u001b[1m\u001b[38;5;9mnot found in this scope\u001b[0m\n\n"}
{"message":"unresolved item provided when a constant was expected","code":{"code":"E0747","explanation":"Generic arguments were not provided in the same order as the corresponding\ngeneric parameters are declared.\n\nErroneous code example:\n\n```compile_fail,E0747\nstruct S<'a, T>(&'a T);\n\ntype X = S<(), 'static>; // error: the type argument is provided before the\n                         // lifetime argument\n```\n\nThe argument order should be changed to match the parameter declaration\norder, as in the following:\n\n```\nstruct S<'a, T>(&'a T);\n\ntype X = S<'static, ()>; // ok\n```\n"},"level":"error","spans":[{"file_name":"src/nullifier.rs","byte_start":1752,"byte_end":1756,"line_start":49,"line_end":49,"column_start":56,"column_end":60,"is_primary":true,"text":[{"text":"            let absorbing = Absorbing::<PaddedWord<F>, RATE>::from(input);","highlight_start":56,"highlight_end":60}],"label":null,"suggested_replacement":null,"suggestion_applicability":null,"expansion":null}],"children":[{"message":"if this generic argument was intended as a const parameter, surround it with braces","code":null,"level":"help","spans":[{"file_name":"src/nullifier.rs","byte_start":1752,"byte_end":1752,"line_start":49,"line_end":49,"column_start":56,"column_end":56,"is_primary":true,"text":[{"text":"            let absorbing = Absorbing::<PaddedWord<F>, RATE>::from(input);","highlight_start":56,"highlight_end":56}],"label":null,"suggested_replacement":"{ ","suggestion_applicability":"MaybeIncorrect","expansion":null},{"file_name":"src/nullifier.rs","byte_start":1756,"byte_end":1756,"line_start":49,"line_end":49,"column_start":60,"column_end":60,"is_primary":true,"text":[{"text":"            let absorbing = Absorbing::<PaddedWord<F>, RATE>::from(input);","highlight_start":60,"highlight_end":60}],"label":null,"suggested_replacement":" }","suggestion_applicability":"MaybeIncorrect","expansion":null}],"children":[],"rendered":null}],"rendered":"\u001b[0m\u001b[1m\u001b[38;5;9merror[E0747]\u001b[0m\u001b[0m\u001b[1m: unresolved item provided when a constant was expected\u001b[0m\n\u001b[0m  \u001b[0m\u001b[0m\u001b[1m\u001b[38;5;12m--> \u001b[0m\u001b[0msrc/nullifier.rs:49:56\u001b[0m\n\u001b[0m   \u001b[0m\u001b[0m\u001b[1m\u001b[38;5;12m|\u001b[0m\n\u001b[0m\u001b[1m\u001b[38;5;12m49\u001b[0m\u001b[0m \u001b[0m\u001b[0m\u001b[1m\u001b[38;5;12m|\u001b[0m\u001b[0m \u001b[0m\u001b[0m            let absorbing = Absorbing::<PaddedWord<F>, RATE>::from(input);\u001b[0m\n\u001b[0m   \u001b[0m\u001b[0m\u001b[1m\u001b[38;5;12m| \u001b[0m\u001b[0m                                                       \u001b[0m\u001b[0m\u001b[1m\u001b[38;5;9m^^^^\u001b[0m\n\u001b[0m   \u001b[0m\u001b[0m\u001b[1m\u001b[38;5;12m|\u001b[0m\n\u001b[0m\u001b[1m\u001b[38;5;14mhelp\u001b[0m\u001b[0m: if this generic argument was intended as a const parameter, surround it with braces\u001b[0m\n\u001b[0m   \u001b[0m\u001b[0m\u001b[1m\u001b[38;5;12m|\u001b[0m\n\u001b[0m\u001b[1m\u001b[38;5;12m49\u001b[0m\u001b[0m \u001b[0m\u001b[0m\u001b[1m\u001b[38;5;12m| \u001b[0m\u001b[0m            let absorbing = Absorbing::<PaddedWord<F>, \u001b[0m\u001b[0m\u001b[38;5;10m{ \u001b[0m\u001b[0mRATE\u001b[0m\u001b[0m\u001b[38;5;10m }\u001b[0m\u001b[0m>::from(input);\u001b[0m\n\u001b[0m   \u001b[0m\u001b[0m\u001b[1m\u001b[38;5;12m|\u001b[0m\u001b[0m                                                        \u001b[0m\u001b[0m\u001b[38;5;10m+\u001b[0m\u001b[0m      \u001b[0m\u001b[0m\u001b[38;5;10m+\u001b[0m\n\n"}
{"message":"the trait bound `F: ff::Field` is not satisfied","code":{"code":"E0277","explanation":"You tried to use a type which doesn't implement some trait in a place which\nexpected that trait.\n\nErroneous code example:\n\n```compile_fail,E0277\n// here we declare the Foo trait with a bar method\ntrait Foo {\n    fn bar(&self);\n}\n\n// we now declare a function which takes an object implementing the Foo trait\nfn some_func<T: Foo>(foo: T) {\n    foo.bar();\n}\n\nfn main() {\n    // we now call the method with the i32 type, which doesn't implement\n    // the Foo trait\n    some_func(5i32); // error: the trait bound `i32 : Foo` is not satisfied\n}\n```\n\nIn order to fix this error, verify that the type you're using does implement\nthe trait. Example:\n\n```\ntrait Foo {\n    fn bar(&self);\n}\n\n// we implement the trait on the i32 type\nimpl Foo for i32 {\n    fn bar(&self) {}\n}\n\nfn some_func<T: Foo>(foo: T) {\n    foo.bar(); // we can now use this method since i32 implements the\n               // Foo trait\n}\n\nfn main() {\n    some_func(5i32); // ok!\n}\n```\n\nOr in a generic context, an erroneous code example would look like:\n\n```compile_fail,E0277\nfn some_func<T>(foo: T) {\n    println!(\"{:?}\", foo); // error: the trait `core::fmt::Debug` is not\n                           //        implemented for the type `T`\n}\n\nfn main() {\n    // We now call the method with the i32 type,\n    // which *does* implement the Debug trait.\n    some_func(5i32);\n}\n```\n\nNote that the error here is in the definition of the generic function. Although\nwe only call it with a parameter that does implement `Debug`, the compiler\nstill rejects the function. It must work with all possible input types. In\norder to make this example compile, we need to restrict the generic type we're\naccepting:\n\n```\nuse std::fmt;\n\n// Restrict the input type to types that implement Debug.\nfn some_func<T: fmt::Debug>(foo: T) {\n    println!(\"{:?}\", foo);\n}\n\nfn main() {\n    // Calling the method is still fine, as i32 implements Debug.\n    some_func(5i32);\n\n    // This would fail to compile now:\n    // struct WithoutDebug;\n    // some_func(WithoutDebug);\n}\n```\n\nRust only looks at the signature of the called function, as such it must\nalready specify all requirements that will be used for every type parameter.\n"},"level":"error","spans":[{"file_name":"src/nullifier.rs","byte_start":1725,"byte_end":1757,"line_start":49,"line_end":49,"column_start":29,"column_end":61,"is_primary":true,"text":[{"text":"            let absorbing = Absorbing::<PaddedWord<F>, RATE>::from(input);","highlight_start":29,"highlight_end":61}],"label":"the trait `ff::Field` is not implemented for `F`","suggested_replacement":null,"suggestion_applicability":null,"expansion":null}],"children":[{"message":"required by a bound in `PaddedWord`","code":null,"level":"note","spans":[{"file_name":"src/lib.rs","byte_start":0,"byte_end":0,"line_start":1,"line_end":1,"column_start":1,"column_end":1,"is_primary":false,"text":[],"label":"required by a bound in this","suggested_replacement":null,"suggestion_applicability":null,"expansion":null},{"file_name":"/Users/hridambasu/.cargo/registry/src/github.com-1ecc6299db9ec823/halo2_gadgets-0.3.0/src/poseidon.rs","byte_start":510,"byte_end":515,"line_start":21,"line_end":21,"column_start":24,"column_end":29,"is_primary":true,"text":[{"text":"pub enum PaddedWord<F: Field> {","highlight_start":24,"highlight_end":29}],"label":"required by this bound in `PaddedWord`","suggested_replacement":null,"suggestion_applicability":null,"expansion":null}],"children":[],"rendered":null},{"message":"consider further restricting this bound","code":null,"level":"help","spans":[{"file_name":"src/nullifier.rs","byte_start":472,"byte_end":472,"line_start":16,"line_end":16,"column_start":19,"column_end":19,"is_primary":true,"text":[{"text":"impl<F: PrimeField> Circuit<F> for NullifierCircuit<F> {","highlight_start":19,"highlight_end":19}],"label":null,"suggested_replacement":" + ff::Field","suggestion_applicability":"MachineApplicable","expansion":null}],"children":[],"rendered":null}],"rendered":"\u001b[0m\u001b[1m\u001b[38;5;9merror[E0277]\u001b[0m\u001b[0m\u001b[1m: the trait bound `F: ff::Field` is not satisfied\u001b[0m\n\u001b[0m  \u001b[0m\u001b[0m\u001b[1m\u001b[38;5;12m--> \u001b[0m\u001b[0msrc/nullifier.rs:49:29\u001b[0m\n\u001b[0m   \u001b[0m\u001b[0m\u001b[1m\u001b[38;5;12m|\u001b[0m\n\u001b[0m\u001b[1m\u001b[38;5;12m49\u001b[0m\u001b[0m \u001b[0m\u001b[0m\u001b[1m\u001b[38;5;12m|\u001b[0m\u001b[0m \u001b[0m\u001b[0m            let absorbing = Absorbing::<PaddedWord<F>, RATE>::from(input);\u001b[0m\n\u001b[0m   \u001b[0m\u001b[0m\u001b[1m\u001b[38;5;12m| \u001b[0m\u001b[0m                            \u001b[0m\u001b[0m\u001b[1m\u001b[38;5;9m^^^^^^^^^^^^^^^^^^^^^^^^^^^^^^^^\u001b[0m\u001b[0m \u001b[0m\u001b[0m\u001b[1m\u001b[38;5;9mthe trait `ff::Field` is not implemented for `F`\u001b[0m\n\u001b[0m   \u001b[0m\u001b[0m\u001b[1m\u001b[38;5;12m|\u001b[0m\n\u001b[0m\u001b[1m\u001b[38;5;10mnote\u001b[0m\u001b[0m: required by a bound in `PaddedWord`\u001b[0m\n\u001b[0m  \u001b[0m\u001b[0m\u001b[1m\u001b[38;5;12m--> \u001b[0m\u001b[0m/Users/hridambasu/.cargo/registry/src/github.com-1ecc6299db9ec823/halo2_gadgets-0.3.0/src/poseidon.rs:21:24\u001b[0m\n\u001b[0m   \u001b[0m\u001b[0m\u001b[1m\u001b[38;5;12m|\u001b[0m\n\u001b[0m\u001b[1m\u001b[38;5;12m21\u001b[0m\u001b[0m \u001b[0m\u001b[0m\u001b[1m\u001b[38;5;12m|\u001b[0m\u001b[0m \u001b[0m\u001b[0mpub enum PaddedWord<F: Field> {\u001b[0m\n\u001b[0m   \u001b[0m\u001b[0m\u001b[1m\u001b[38;5;12m| \u001b[0m\u001b[0m                       \u001b[0m\u001b[0m\u001b[1m\u001b[38;5;10m^^^^^\u001b[0m\u001b[0m \u001b[0m\u001b[0m\u001b[1m\u001b[38;5;10mrequired by this bound in `PaddedWord`\u001b[0m\n\u001b[0m\u001b[1m\u001b[38;5;14mhelp\u001b[0m\u001b[0m: consider further restricting this bound\u001b[0m\n\u001b[0m   \u001b[0m\u001b[0m\u001b[1m\u001b[38;5;12m|\u001b[0m\n\u001b[0m\u001b[1m\u001b[38;5;12m16\u001b[0m\u001b[0m \u001b[0m\u001b[0m\u001b[1m\u001b[38;5;12m| \u001b[0m\u001b[0mimpl<F: PrimeField\u001b[0m\u001b[0m\u001b[38;5;10m + ff::Field\u001b[0m\u001b[0m> Circuit<F> for NullifierCircuit<F> {\u001b[0m\n\u001b[0m   \u001b[0m\u001b[0m\u001b[1m\u001b[38;5;12m|\u001b[0m\u001b[0m                    \u001b[0m\u001b[0m\u001b[38;5;10m+++++++++++\u001b[0m\n\n"}
{"message":"cannot find function `poseidon_sponge` in this scope","code":{"code":"E0425","explanation":"An unresolved name was used.\n\nErroneous code examples:\n\n```compile_fail,E0425\nsomething_that_doesnt_exist::foo;\n// error: unresolved name `something_that_doesnt_exist::foo`\n\n// or:\n\ntrait Foo {\n    fn bar() {\n        Self; // error: unresolved name `Self`\n    }\n}\n\n// or:\n\nlet x = unknown_variable;  // error: unresolved name `unknown_variable`\n```\n\nPlease verify that the name wasn't misspelled and ensure that the\nidentifier being referred to is valid for the given situation. Example:\n\n```\nenum something_that_does_exist {\n    Foo,\n}\n```\n\nOr:\n\n```\nmod something_that_does_exist {\n    pub static foo : i32 = 0i32;\n}\n\nsomething_that_does_exist::foo; // ok!\n```\n\nOr:\n\n```\nlet unknown_variable = 12u32;\nlet x = unknown_variable; // ok!\n```\n\nIf the item is not defined in the current module, it must be imported using a\n`use` statement, like so:\n\n```\n# mod foo { pub fn bar() {} }\n# fn main() {\nuse foo::bar;\nbar();\n# }\n```\n\nIf the item you are importing is not defined in some super-module of the\ncurrent module, then it must also be declared as public (e.g., `pub fn`).\n"},"level":"error","spans":[{"file_name":"src/nullifier.rs","byte_start":1784,"byte_end":1799,"line_start":50,"line_end":50,"column_start":13,"column_end":28,"is_primary":true,"text":[{"text":"            poseidon_sponge(&chip, &mut layouter, &mut state_last, Some(&absorbing))?","highlight_start":13,"highlight_end":28}],"label":"not found in this scope","suggested_replacement":null,"suggestion_applicability":null,"expansion":null}],"children":[],"rendered":"\u001b[0m\u001b[1m\u001b[38;5;9merror[E0425]\u001b[0m\u001b[0m\u001b[1m: cannot find function `poseidon_sponge` in this scope\u001b[0m\n\u001b[0m  \u001b[0m\u001b[0m\u001b[1m\u001b[38;5;12m--> \u001b[0m\u001b[0msrc/nullifier.rs:50:13\u001b[0m\n\u001b[0m   \u001b[0m\u001b[0m\u001b[1m\u001b[38;5;12m|\u001b[0m\n\u001b[0m\u001b[1m\u001b[38;5;12m50\u001b[0m\u001b[0m \u001b[0m\u001b[0m\u001b[1m\u001b[38;5;12m|\u001b[0m\u001b[0m \u001b[0m\u001b[0m            poseidon_sponge(&chip, &mut layouter, &mut state_last, Some(&absorbing))?\u001b[0m\n\u001b[0m   \u001b[0m\u001b[0m\u001b[1m\u001b[38;5;12m| \u001b[0m\u001b[0m            \u001b[0m\u001b[0m\u001b[1m\u001b[38;5;9m^^^^^^^^^^^^^^^\u001b[0m\u001b[0m \u001b[0m\u001b[0m\u001b[1m\u001b[38;5;9mnot found in this scope\u001b[0m\n\n"}
{"message":"unresolved item provided when a constant was expected","code":{"code":"E0747","explanation":"Generic arguments were not provided in the same order as the corresponding\ngeneric parameters are declared.\n\nErroneous code example:\n\n```compile_fail,E0747\nstruct S<'a, T>(&'a T);\n\ntype X = S<(), 'static>; // error: the type argument is provided before the\n                         // lifetime argument\n```\n\nThe argument order should be changed to match the parameter declaration\norder, as in the following:\n\n```\nstruct S<'a, T>(&'a T);\n\ntype X = S<'static, ()>; // ok\n```\n"},"level":"error","spans":[{"file_name":"src/nullifier.rs","byte_start":2171,"byte_end":2175,"line_start":59,"line_end":59,"column_start":56,"column_end":60,"is_primary":true,"text":[{"text":"            let absorbing = Absorbing::<PaddedWord<F>, RATE>::from(absorbing);","highlight_start":56,"highlight_end":60}],"label":null,"suggested_replacement":null,"suggestion_applicability":null,"expansion":null}],"children":[{"message":"if this generic argument was intended as a const parameter, surround it with braces","code":null,"level":"help","spans":[{"file_name":"src/nullifier.rs","byte_start":2171,"byte_end":2171,"line_start":59,"line_end":59,"column_start":56,"column_end":56,"is_primary":true,"text":[{"text":"            let absorbing = Absorbing::<PaddedWord<F>, RATE>::from(absorbing);","highlight_start":56,"highlight_end":56}],"label":null,"suggested_replacement":"{ ","suggestion_applicability":"MaybeIncorrect","expansion":null},{"file_name":"src/nullifier.rs","byte_start":2175,"byte_end":2175,"line_start":59,"line_end":59,"column_start":60,"column_end":60,"is_primary":true,"text":[{"text":"            let absorbing = Absorbing::<PaddedWord<F>, RATE>::from(absorbing);","highlight_start":60,"highlight_end":60}],"label":null,"suggested_replacement":" }","suggestion_applicability":"MaybeIncorrect","expansion":null}],"children":[],"rendered":null}],"rendered":"\u001b[0m\u001b[1m\u001b[38;5;9merror[E0747]\u001b[0m\u001b[0m\u001b[1m: unresolved item provided when a constant was expected\u001b[0m\n\u001b[0m  \u001b[0m\u001b[0m\u001b[1m\u001b[38;5;12m--> \u001b[0m\u001b[0msrc/nullifier.rs:59:56\u001b[0m\n\u001b[0m   \u001b[0m\u001b[0m\u001b[1m\u001b[38;5;12m|\u001b[0m\n\u001b[0m\u001b[1m\u001b[38;5;12m59\u001b[0m\u001b[0m \u001b[0m\u001b[0m\u001b[1m\u001b[38;5;12m|\u001b[0m\u001b[0m \u001b[0m\u001b[0m            let absorbing = Absorbing::<PaddedWord<F>, RATE>::from(absorbing);\u001b[0m\n\u001b[0m   \u001b[0m\u001b[0m\u001b[1m\u001b[38;5;12m| \u001b[0m\u001b[0m                                                       \u001b[0m\u001b[0m\u001b[1m\u001b[38;5;9m^^^^\u001b[0m\n\u001b[0m   \u001b[0m\u001b[0m\u001b[1m\u001b[38;5;12m|\u001b[0m\n\u001b[0m\u001b[1m\u001b[38;5;14mhelp\u001b[0m\u001b[0m: if this generic argument was intended as a const parameter, surround it with braces\u001b[0m\n\u001b[0m   \u001b[0m\u001b[0m\u001b[1m\u001b[38;5;12m|\u001b[0m\n\u001b[0m\u001b[1m\u001b[38;5;12m59\u001b[0m\u001b[0m \u001b[0m\u001b[0m\u001b[1m\u001b[38;5;12m| \u001b[0m\u001b[0m            let absorbing = Absorbing::<PaddedWord<F>, \u001b[0m\u001b[0m\u001b[38;5;10m{ \u001b[0m\u001b[0mRATE\u001b[0m\u001b[0m\u001b[38;5;10m }\u001b[0m\u001b[0m>::from(absorbing);\u001b[0m\n\u001b[0m   \u001b[0m\u001b[0m\u001b[1m\u001b[38;5;12m|\u001b[0m\u001b[0m                                                        \u001b[0m\u001b[0m\u001b[38;5;10m+\u001b[0m\u001b[0m      \u001b[0m\u001b[0m\u001b[38;5;10m+\u001b[0m\n\n"}
{"message":"the trait bound `F: ff::Field` is not satisfied","code":{"code":"E0277","explanation":"You tried to use a type which doesn't implement some trait in a place which\nexpected that trait.\n\nErroneous code example:\n\n```compile_fail,E0277\n// here we declare the Foo trait with a bar method\ntrait Foo {\n    fn bar(&self);\n}\n\n// we now declare a function which takes an object implementing the Foo trait\nfn some_func<T: Foo>(foo: T) {\n    foo.bar();\n}\n\nfn main() {\n    // we now call the method with the i32 type, which doesn't implement\n    // the Foo trait\n    some_func(5i32); // error: the trait bound `i32 : Foo` is not satisfied\n}\n```\n\nIn order to fix this error, verify that the type you're using does implement\nthe trait. Example:\n\n```\ntrait Foo {\n    fn bar(&self);\n}\n\n// we implement the trait on the i32 type\nimpl Foo for i32 {\n    fn bar(&self) {}\n}\n\nfn some_func<T: Foo>(foo: T) {\n    foo.bar(); // we can now use this method since i32 implements the\n               // Foo trait\n}\n\nfn main() {\n    some_func(5i32); // ok!\n}\n```\n\nOr in a generic context, an erroneous code example would look like:\n\n```compile_fail,E0277\nfn some_func<T>(foo: T) {\n    println!(\"{:?}\", foo); // error: the trait `core::fmt::Debug` is not\n                           //        implemented for the type `T`\n}\n\nfn main() {\n    // We now call the method with the i32 type,\n    // which *does* implement the Debug trait.\n    some_func(5i32);\n}\n```\n\nNote that the error here is in the definition of the generic function. Although\nwe only call it with a parameter that does implement `Debug`, the compiler\nstill rejects the function. It must work with all possible input types. In\norder to make this example compile, we need to restrict the generic type we're\naccepting:\n\n```\nuse std::fmt;\n\n// Restrict the input type to types that implement Debug.\nfn some_func<T: fmt::Debug>(foo: T) {\n    println!(\"{:?}\", foo);\n}\n\nfn main() {\n    // Calling the method is still fine, as i32 implements Debug.\n    some_func(5i32);\n\n    // This would fail to compile now:\n    // struct WithoutDebug;\n    // some_func(WithoutDebug);\n}\n```\n\nRust only looks at the signature of the called function, as such it must\nalready specify all requirements that will be used for every type parameter.\n"},"level":"error","spans":[{"file_name":"src/nullifier.rs","byte_start":2144,"byte_end":2176,"line_start":59,"line_end":59,"column_start":29,"column_end":61,"is_primary":true,"text":[{"text":"            let absorbing = Absorbing::<PaddedWord<F>, RATE>::from(absorbing);","highlight_start":29,"highlight_end":61}],"label":"the trait `ff::Field` is not implemented for `F`","suggested_replacement":null,"suggestion_applicability":null,"expansion":null}],"children":[{"message":"required by a bound in `PaddedWord`","code":null,"level":"note","spans":[{"file_name":"src/lib.rs","byte_start":0,"byte_end":0,"line_start":1,"line_end":1,"column_start":1,"column_end":1,"is_primary":false,"text":[],"label":"required by a bound in this","suggested_replacement":null,"suggestion_applicability":null,"expansion":null},{"file_name":"/Users/hridambasu/.cargo/registry/src/github.com-1ecc6299db9ec823/halo2_gadgets-0.3.0/src/poseidon.rs","byte_start":510,"byte_end":515,"line_start":21,"line_end":21,"column_start":24,"column_end":29,"is_primary":true,"text":[{"text":"pub enum PaddedWord<F: Field> {","highlight_start":24,"highlight_end":29}],"label":"required by this bound in `PaddedWord`","suggested_replacement":null,"suggestion_applicability":null,"expansion":null}],"children":[],"rendered":null},{"message":"consider further restricting this bound","code":null,"level":"help","spans":[{"file_name":"src/nullifier.rs","byte_start":472,"byte_end":472,"line_start":16,"line_end":16,"column_start":19,"column_end":19,"is_primary":true,"text":[{"text":"impl<F: PrimeField> Circuit<F> for NullifierCircuit<F> {","highlight_start":19,"highlight_end":19}],"label":null,"suggested_replacement":" + ff::Field","suggestion_applicability":"MachineApplicable","expansion":null}],"children":[],"rendered":null}],"rendered":"\u001b[0m\u001b[1m\u001b[38;5;9merror[E0277]\u001b[0m\u001b[0m\u001b[1m: the trait bound `F: ff::Field` is not satisfied\u001b[0m\n\u001b[0m  \u001b[0m\u001b[0m\u001b[1m\u001b[38;5;12m--> \u001b[0m\u001b[0msrc/nullifier.rs:59:29\u001b[0m\n\u001b[0m   \u001b[0m\u001b[0m\u001b[1m\u001b[38;5;12m|\u001b[0m\n\u001b[0m\u001b[1m\u001b[38;5;12m59\u001b[0m\u001b[0m \u001b[0m\u001b[0m\u001b[1m\u001b[38;5;12m|\u001b[0m\u001b[0m \u001b[0m\u001b[0m            let absorbing = Absorbing::<PaddedWord<F>, RATE>::from(absorbing);\u001b[0m\n\u001b[0m   \u001b[0m\u001b[0m\u001b[1m\u001b[38;5;12m| \u001b[0m\u001b[0m                            \u001b[0m\u001b[0m\u001b[1m\u001b[38;5;9m^^^^^^^^^^^^^^^^^^^^^^^^^^^^^^^^\u001b[0m\u001b[0m \u001b[0m\u001b[0m\u001b[1m\u001b[38;5;9mthe trait `ff::Field` is not implemented for `F`\u001b[0m\n\u001b[0m   \u001b[0m\u001b[0m\u001b[1m\u001b[38;5;12m|\u001b[0m\n\u001b[0m\u001b[1m\u001b[38;5;10mnote\u001b[0m\u001b[0m: required by a bound in `PaddedWord`\u001b[0m\n\u001b[0m  \u001b[0m\u001b[0m\u001b[1m\u001b[38;5;12m--> \u001b[0m\u001b[0m/Users/hridambasu/.cargo/registry/src/github.com-1ecc6299db9ec823/halo2_gadgets-0.3.0/src/poseidon.rs:21:24\u001b[0m\n\u001b[0m   \u001b[0m\u001b[0m\u001b[1m\u001b[38;5;12m|\u001b[0m\n\u001b[0m\u001b[1m\u001b[38;5;12m21\u001b[0m\u001b[0m \u001b[0m\u001b[0m\u001b[1m\u001b[38;5;12m|\u001b[0m\u001b[0m \u001b[0m\u001b[0mpub enum PaddedWord<F: Field> {\u001b[0m\n\u001b[0m   \u001b[0m\u001b[0m\u001b[1m\u001b[38;5;12m| \u001b[0m\u001b[0m                       \u001b[0m\u001b[0m\u001b[1m\u001b[38;5;10m^^^^^\u001b[0m\u001b[0m \u001b[0m\u001b[0m\u001b[1m\u001b[38;5;10mrequired by this bound in `PaddedWord`\u001b[0m\n\u001b[0m\u001b[1m\u001b[38;5;14mhelp\u001b[0m\u001b[0m: consider further restricting this bound\u001b[0m\n\u001b[0m   \u001b[0m\u001b[0m\u001b[1m\u001b[38;5;12m|\u001b[0m\n\u001b[0m\u001b[1m\u001b[38;5;12m16\u001b[0m\u001b[0m \u001b[0m\u001b[0m\u001b[1m\u001b[38;5;12m| \u001b[0m\u001b[0mimpl<F: PrimeField\u001b[0m\u001b[0m\u001b[38;5;10m + ff::Field\u001b[0m\u001b[0m> Circuit<F> for NullifierCircuit<F> {\u001b[0m\n\u001b[0m   \u001b[0m\u001b[0m\u001b[1m\u001b[38;5;12m|\u001b[0m\u001b[0m                    \u001b[0m\u001b[0m\u001b[38;5;10m+++++++++++\u001b[0m\n\n"}
{"message":"cannot find function `poseidon_sponge` in this scope","code":{"code":"E0425","explanation":"An unresolved name was used.\n\nErroneous code examples:\n\n```compile_fail,E0425\nsomething_that_doesnt_exist::foo;\n// error: unresolved name `something_that_doesnt_exist::foo`\n\n// or:\n\ntrait Foo {\n    fn bar() {\n        Self; // error: unresolved name `Self`\n    }\n}\n\n// or:\n\nlet x = unknown_variable;  // error: unresolved name `unknown_variable`\n```\n\nPlease verify that the name wasn't misspelled and ensure that the\nidentifier being referred to is valid for the given situation. Example:\n\n```\nenum something_that_does_exist {\n    Foo,\n}\n```\n\nOr:\n\n```\nmod something_that_does_exist {\n    pub static foo : i32 = 0i32;\n}\n\nsomething_that_does_exist::foo; // ok!\n```\n\nOr:\n\n```\nlet unknown_variable = 12u32;\nlet x = unknown_variable; // ok!\n```\n\nIf the item is not defined in the current module, it must be imported using a\n`use` statement, like so:\n\n```\n# mod foo { pub fn bar() {} }\n# fn main() {\nuse foo::bar;\nbar();\n# }\n```\n\nIf the item you are importing is not defined in some super-module of the\ncurrent module, then it must also be declared as public (e.g., `pub fn`).\n"},"level":"error","spans":[{"file_name":"src/nullifier.rs","byte_start":2207,"byte_end":2222,"line_start":60,"line_end":60,"column_start":13,"column_end":28,"is_primary":true,"text":[{"text":"            poseidon_sponge(&chip, &mut layouter, &mut state_nullifier, Some(&absorbing))?","highlight_start":13,"highlight_end":28}],"label":"not found in this scope","suggested_replacement":null,"suggestion_applicability":null,"expansion":null}],"children":[],"rendered":"\u001b[0m\u001b[1m\u001b[38;5;9merror[E0425]\u001b[0m\u001b[0m\u001b[1m: cannot find function `poseidon_sponge` in this scope\u001b[0m\n\u001b[0m  \u001b[0m\u001b[0m\u001b[1m\u001b[38;5;12m--> \u001b[0m\u001b[0msrc/nullifier.rs:60:13\u001b[0m\n\u001b[0m   \u001b[0m\u001b[0m\u001b[1m\u001b[38;5;12m|\u001b[0m\n\u001b[0m\u001b[1m\u001b[38;5;12m60\u001b[0m\u001b[0m \u001b[0m\u001b[0m\u001b[1m\u001b[38;5;12m|\u001b[0m\u001b[0m \u001b[0m\u001b[0m            poseidon_sponge(&chip, &mut layouter, &mut state_nullifier, Some(&absorbing))?\u001b[0m\n\u001b[0m   \u001b[0m\u001b[0m\u001b[1m\u001b[38;5;12m| \u001b[0m\u001b[0m            \u001b[0m\u001b[0m\u001b[1m\u001b[38;5;9m^^^^^^^^^^^^^^^\u001b[0m\u001b[0m \u001b[0m\u001b[0m\u001b[1m\u001b[38;5;9mnot found in this scope\u001b[0m\n\n"}
{"message":"aborting due to 32 previous errors","code":null,"level":"error","spans":[],"children":[],"rendered":"\u001b[0m\u001b[1m\u001b[38;5;9merror\u001b[0m\u001b[0m\u001b[1m: aborting due to 32 previous errors\u001b[0m\n\n"}
{"message":"Some errors have detailed explanations: E0038, E0049, E0277, E0308, E0412, E0425, E0432, E0433, E0599...","code":null,"level":"failure-note","spans":[],"children":[],"rendered":"\u001b[0m\u001b[1mSome errors have detailed explanations: E0038, E0049, E0277, E0308, E0412, E0425, E0432, E0433, E0599...\u001b[0m\n"}
{"message":"For more information about an error, try `rustc --explain E0038`.","code":null,"level":"failure-note","spans":[],"children":[],"rendered":"\u001b[0m\u001b[1mFor more information about an error, try `rustc --explain E0038`.\u001b[0m\n"}
